<?xml version="1.0" encoding="utf-8"?><testsuites><testsuite name="pytest" errors="0" failures="6" skipped="1633" tests="3190" time="2285.326" timestamp="2023-08-02T12:36:41.528860" hostname="jwieczorek-vm-u20"><testcase classname="pytest_working.compile.test_hpu_arange" name="test_arange[40-None-None-None-None]" time="0.001"><skipped type="pytest.skip" message="Tests is chaning env variables">/home/jwieczorek/trees/npu-stack/pytorch-integration/tests/pytest_working/compile/test_hpu_arange.py:17: Tests is chaning env variables</skipped></testcase><testcase classname="pytest_working.compile.test_hpu_arange" name="test_arange[40-None-None-None-dtype1]" time="0.000"><skipped type="pytest.skip" message="Tests is chaning env variables">/home/jwieczorek/trees/npu-stack/pytorch-integration/tests/pytest_working/compile/test_hpu_arange.py:17: Tests is chaning env variables</skipped></testcase><testcase classname="pytest_working.compile.test_hpu_arange" name="test_arange[40-None-None-None-dtype2]" time="0.001"><skipped type="pytest.skip" message="Tests is chaning env variables">/home/jwieczorek/trees/npu-stack/pytorch-integration/tests/pytest_working/compile/test_hpu_arange.py:17: Tests is chaning env variables</skipped></testcase><testcase classname="pytest_working.compile.test_hpu_arange" name="test_arange[40-None-None-None-dtype3]" time="0.000"><skipped type="pytest.skip" message="Tests is chaning env variables">/home/jwieczorek/trees/npu-stack/pytorch-integration/tests/pytest_working/compile/test_hpu_arange.py:17: Tests is chaning env variables</skipped></testcase><testcase classname="pytest_working.compile.test_hpu_arange" name="test_arange[40-None-None-None-dtype4]" time="0.000"><skipped type="pytest.skip" message="Tests is chaning env variables">/home/jwieczorek/trees/npu-stack/pytorch-integration/tests/pytest_working/compile/test_hpu_arange.py:17: Tests is chaning env variables</skipped></testcase><testcase classname="pytest_working.compile.test_hpu_arange" name="test_arange[40-None-None-None-dtype5]" time="0.000"><skipped type="pytest.skip" message="Tests is chaning env variables">/home/jwieczorek/trees/npu-stack/pytorch-integration/tests/pytest_working/compile/test_hpu_arange.py:17: Tests is chaning env variables</skipped></testcase><testcase classname="pytest_working.compile.test_hpu_arange" name="test_arange[40-None-None-layout1-None]" time="0.000"><skipped type="pytest.skip" message="Tests is chaning env variables">/home/jwieczorek/trees/npu-stack/pytorch-integration/tests/pytest_working/compile/test_hpu_arange.py:17: Tests is chaning env variables</skipped></testcase><testcase classname="pytest_working.compile.test_hpu_arange" name="test_arange[40-None-None-layout1-dtype1]" time="0.000"><skipped type="pytest.skip" message="Tests is chaning env variables">/home/jwieczorek/trees/npu-stack/pytorch-integration/tests/pytest_working/compile/test_hpu_arange.py:17: Tests is chaning env variables</skipped></testcase><testcase classname="pytest_working.compile.test_hpu_arange" name="test_arange[40-None-None-layout1-dtype2]" time="0.000"><skipped type="pytest.skip" message="Tests is chaning env variables">/home/jwieczorek/trees/npu-stack/pytorch-integration/tests/pytest_working/compile/test_hpu_arange.py:17: Tests is chaning env variables</skipped></testcase><testcase classname="pytest_working.compile.test_hpu_arange" name="test_arange[40-None-None-layout1-dtype3]" time="0.000"><skipped type="pytest.skip" message="Tests is chaning env variables">/home/jwieczorek/trees/npu-stack/pytorch-integration/tests/pytest_working/compile/test_hpu_arange.py:17: Tests is chaning env variables</skipped></testcase><testcase classname="pytest_working.compile.test_hpu_arange" name="test_arange[40-None-None-layout1-dtype4]" time="0.000"><skipped type="pytest.skip" message="Tests is chaning env variables">/home/jwieczorek/trees/npu-stack/pytorch-integration/tests/pytest_working/compile/test_hpu_arange.py:17: Tests is chaning env variables</skipped></testcase><testcase classname="pytest_working.compile.test_hpu_arange" name="test_arange[40-None-None-layout1-dtype5]" time="0.000"><skipped type="pytest.skip" message="Tests is chaning env variables">/home/jwieczorek/trees/npu-stack/pytorch-integration/tests/pytest_working/compile/test_hpu_arange.py:17: Tests is chaning env variables</skipped></testcase><testcase classname="pytest_working.compile.test_hpu_arange" name="test_arange[40-None-0-None-None]" time="0.000"><skipped type="pytest.skip" message="Tests is chaning env variables">/home/jwieczorek/trees/npu-stack/pytorch-integration/tests/pytest_working/compile/test_hpu_arange.py:17: Tests is chaning env variables</skipped></testcase><testcase classname="pytest_working.compile.test_hpu_arange" name="test_arange[40-None-0-None-dtype1]" time="0.000"><skipped type="pytest.skip" message="Tests is chaning env variables">/home/jwieczorek/trees/npu-stack/pytorch-integration/tests/pytest_working/compile/test_hpu_arange.py:17: Tests is chaning env variables</skipped></testcase><testcase classname="pytest_working.compile.test_hpu_arange" name="test_arange[40-None-0-None-dtype2]" time="0.000"><skipped type="pytest.skip" message="Tests is chaning env variables">/home/jwieczorek/trees/npu-stack/pytorch-integration/tests/pytest_working/compile/test_hpu_arange.py:17: Tests is chaning env variables</skipped></testcase><testcase classname="pytest_working.compile.test_hpu_arange" name="test_arange[40-None-0-None-dtype3]" time="0.000"><skipped type="pytest.skip" message="Tests is chaning env variables">/home/jwieczorek/trees/npu-stack/pytorch-integration/tests/pytest_working/compile/test_hpu_arange.py:17: Tests is chaning env variables</skipped></testcase><testcase classname="pytest_working.compile.test_hpu_arange" name="test_arange[40-None-0-None-dtype4]" time="0.000"><skipped type="pytest.skip" message="Tests is chaning env variables">/home/jwieczorek/trees/npu-stack/pytorch-integration/tests/pytest_working/compile/test_hpu_arange.py:17: Tests is chaning env variables</skipped></testcase><testcase classname="pytest_working.compile.test_hpu_arange" name="test_arange[40-None-0-None-dtype5]" time="0.000"><skipped type="pytest.skip" message="Tests is chaning env variables">/home/jwieczorek/trees/npu-stack/pytorch-integration/tests/pytest_working/compile/test_hpu_arange.py:17: Tests is chaning env variables</skipped></testcase><testcase classname="pytest_working.compile.test_hpu_arange" name="test_arange[40-None-0-layout1-None]" time="0.000"><skipped type="pytest.skip" message="Tests is chaning env variables">/home/jwieczorek/trees/npu-stack/pytorch-integration/tests/pytest_working/compile/test_hpu_arange.py:17: Tests is chaning env variables</skipped></testcase><testcase classname="pytest_working.compile.test_hpu_arange" name="test_arange[40-None-0-layout1-dtype1]" time="0.001"><skipped type="pytest.skip" message="Tests is chaning env variables">/home/jwieczorek/trees/npu-stack/pytorch-integration/tests/pytest_working/compile/test_hpu_arange.py:17: Tests is chaning env variables</skipped></testcase><testcase classname="pytest_working.compile.test_hpu_arange" name="test_arange[40-None-0-layout1-dtype2]" time="0.000"><skipped type="pytest.skip" message="Tests is chaning env variables">/home/jwieczorek/trees/npu-stack/pytorch-integration/tests/pytest_working/compile/test_hpu_arange.py:17: Tests is chaning env variables</skipped></testcase><testcase classname="pytest_working.compile.test_hpu_arange" name="test_arange[40-None-0-layout1-dtype3]" time="0.000"><skipped type="pytest.skip" message="Tests is chaning env variables">/home/jwieczorek/trees/npu-stack/pytorch-integration/tests/pytest_working/compile/test_hpu_arange.py:17: Tests is chaning env variables</skipped></testcase><testcase classname="pytest_working.compile.test_hpu_arange" name="test_arange[40-None-0-layout1-dtype4]" time="0.000"><skipped type="pytest.skip" message="Tests is chaning env variables">/home/jwieczorek/trees/npu-stack/pytorch-integration/tests/pytest_working/compile/test_hpu_arange.py:17: Tests is chaning env variables</skipped></testcase><testcase classname="pytest_working.compile.test_hpu_arange" name="test_arange[40-None-0-layout1-dtype5]" time="0.000"><skipped type="pytest.skip" message="Tests is chaning env variables">/home/jwieczorek/trees/npu-stack/pytorch-integration/tests/pytest_working/compile/test_hpu_arange.py:17: Tests is chaning env variables</skipped></testcase><testcase classname="pytest_working.compile.test_hpu_arange" name="test_arange[40-None-10-None-None]" time="0.000"><skipped type="pytest.skip" message="Tests is chaning env variables">/home/jwieczorek/trees/npu-stack/pytorch-integration/tests/pytest_working/compile/test_hpu_arange.py:17: Tests is chaning env variables</skipped></testcase><testcase classname="pytest_working.compile.test_hpu_arange" name="test_arange[40-None-10-None-dtype1]" time="0.000"><skipped type="pytest.skip" message="Tests is chaning env variables">/home/jwieczorek/trees/npu-stack/pytorch-integration/tests/pytest_working/compile/test_hpu_arange.py:17: Tests is chaning env variables</skipped></testcase><testcase classname="pytest_working.compile.test_hpu_arange" name="test_arange[40-None-10-None-dtype2]" time="0.000"><skipped type="pytest.skip" message="Tests is chaning env variables">/home/jwieczorek/trees/npu-stack/pytorch-integration/tests/pytest_working/compile/test_hpu_arange.py:17: Tests is chaning env variables</skipped></testcase><testcase classname="pytest_working.compile.test_hpu_arange" name="test_arange[40-None-10-None-dtype3]" time="0.000"><skipped type="pytest.skip" message="Tests is chaning env variables">/home/jwieczorek/trees/npu-stack/pytorch-integration/tests/pytest_working/compile/test_hpu_arange.py:17: Tests is chaning env variables</skipped></testcase><testcase classname="pytest_working.compile.test_hpu_arange" name="test_arange[40-None-10-None-dtype4]" time="0.000"><skipped type="pytest.skip" message="Tests is chaning env variables">/home/jwieczorek/trees/npu-stack/pytorch-integration/tests/pytest_working/compile/test_hpu_arange.py:17: Tests is chaning env variables</skipped></testcase><testcase classname="pytest_working.compile.test_hpu_arange" name="test_arange[40-None-10-None-dtype5]" time="0.137"><skipped type="pytest.skip" message="Tests is chaning env variables">/home/jwieczorek/trees/npu-stack/pytorch-integration/tests/pytest_working/compile/test_hpu_arange.py:17: Tests is chaning env variables</skipped></testcase><testcase classname="pytest_working.compile.test_hpu_arange" name="test_arange[40-None-10-layout1-None]" time="0.000"><skipped type="pytest.skip" message="Tests is chaning env variables">/home/jwieczorek/trees/npu-stack/pytorch-integration/tests/pytest_working/compile/test_hpu_arange.py:17: Tests is chaning env variables</skipped></testcase><testcase classname="pytest_working.compile.test_hpu_arange" name="test_arange[40-None-10-layout1-dtype1]" time="0.000"><skipped type="pytest.skip" message="Tests is chaning env variables">/home/jwieczorek/trees/npu-stack/pytorch-integration/tests/pytest_working/compile/test_hpu_arange.py:17: Tests is chaning env variables</skipped></testcase><testcase classname="pytest_working.compile.test_hpu_arange" name="test_arange[40-None-10-layout1-dtype2]" time="0.000"><skipped type="pytest.skip" message="Tests is chaning env variables">/home/jwieczorek/trees/npu-stack/pytorch-integration/tests/pytest_working/compile/test_hpu_arange.py:17: Tests is chaning env variables</skipped></testcase><testcase classname="pytest_working.compile.test_hpu_arange" name="test_arange[40-None-10-layout1-dtype3]" time="0.000"><skipped type="pytest.skip" message="Tests is chaning env variables">/home/jwieczorek/trees/npu-stack/pytorch-integration/tests/pytest_working/compile/test_hpu_arange.py:17: Tests is chaning env variables</skipped></testcase><testcase classname="pytest_working.compile.test_hpu_arange" name="test_arange[40-None-10-layout1-dtype4]" time="0.000"><skipped type="pytest.skip" message="Tests is chaning env variables">/home/jwieczorek/trees/npu-stack/pytorch-integration/tests/pytest_working/compile/test_hpu_arange.py:17: Tests is chaning env variables</skipped></testcase><testcase classname="pytest_working.compile.test_hpu_arange" name="test_arange[40-None-10-layout1-dtype5]" time="0.000"><skipped type="pytest.skip" message="Tests is chaning env variables">/home/jwieczorek/trees/npu-stack/pytorch-integration/tests/pytest_working/compile/test_hpu_arange.py:17: Tests is chaning env variables</skipped></testcase><testcase classname="pytest_working.compile.test_hpu_arange" name="test_arange[40-1-None-None-None]" time="0.000"><skipped type="pytest.skip" message="Tests is chaning env variables">/home/jwieczorek/trees/npu-stack/pytorch-integration/tests/pytest_working/compile/test_hpu_arange.py:17: Tests is chaning env variables</skipped></testcase><testcase classname="pytest_working.compile.test_hpu_arange" name="test_arange[40-1-None-None-dtype1]" time="0.000"><skipped type="pytest.skip" message="Tests is chaning env variables">/home/jwieczorek/trees/npu-stack/pytorch-integration/tests/pytest_working/compile/test_hpu_arange.py:17: Tests is chaning env variables</skipped></testcase><testcase classname="pytest_working.compile.test_hpu_arange" name="test_arange[40-1-None-None-dtype2]" time="0.000"><skipped type="pytest.skip" message="Tests is chaning env variables">/home/jwieczorek/trees/npu-stack/pytorch-integration/tests/pytest_working/compile/test_hpu_arange.py:17: Tests is chaning env variables</skipped></testcase><testcase classname="pytest_working.compile.test_hpu_arange" name="test_arange[40-1-None-None-dtype3]" time="0.000"><skipped type="pytest.skip" message="Tests is chaning env variables">/home/jwieczorek/trees/npu-stack/pytorch-integration/tests/pytest_working/compile/test_hpu_arange.py:17: Tests is chaning env variables</skipped></testcase><testcase classname="pytest_working.compile.test_hpu_arange" name="test_arange[40-1-None-None-dtype4]" time="0.000"><skipped type="pytest.skip" message="Tests is chaning env variables">/home/jwieczorek/trees/npu-stack/pytorch-integration/tests/pytest_working/compile/test_hpu_arange.py:17: Tests is chaning env variables</skipped></testcase><testcase classname="pytest_working.compile.test_hpu_arange" name="test_arange[40-1-None-None-dtype5]" time="0.000"><skipped type="pytest.skip" message="Tests is chaning env variables">/home/jwieczorek/trees/npu-stack/pytorch-integration/tests/pytest_working/compile/test_hpu_arange.py:17: Tests is chaning env variables</skipped></testcase><testcase classname="pytest_working.compile.test_hpu_arange" name="test_arange[40-1-None-layout1-None]" time="0.000"><skipped type="pytest.skip" message="Tests is chaning env variables">/home/jwieczorek/trees/npu-stack/pytorch-integration/tests/pytest_working/compile/test_hpu_arange.py:17: Tests is chaning env variables</skipped></testcase><testcase classname="pytest_working.compile.test_hpu_arange" name="test_arange[40-1-None-layout1-dtype1]" time="0.000"><skipped type="pytest.skip" message="Tests is chaning env variables">/home/jwieczorek/trees/npu-stack/pytorch-integration/tests/pytest_working/compile/test_hpu_arange.py:17: Tests is chaning env variables</skipped></testcase><testcase classname="pytest_working.compile.test_hpu_arange" name="test_arange[40-1-None-layout1-dtype2]" time="0.000"><skipped type="pytest.skip" message="Tests is chaning env variables">/home/jwieczorek/trees/npu-stack/pytorch-integration/tests/pytest_working/compile/test_hpu_arange.py:17: Tests is chaning env variables</skipped></testcase><testcase classname="pytest_working.compile.test_hpu_arange" name="test_arange[40-1-None-layout1-dtype3]" time="0.000"><skipped type="pytest.skip" message="Tests is chaning env variables">/home/jwieczorek/trees/npu-stack/pytorch-integration/tests/pytest_working/compile/test_hpu_arange.py:17: Tests is chaning env variables</skipped></testcase><testcase classname="pytest_working.compile.test_hpu_arange" name="test_arange[40-1-None-layout1-dtype4]" time="0.000"><skipped type="pytest.skip" message="Tests is chaning env variables">/home/jwieczorek/trees/npu-stack/pytorch-integration/tests/pytest_working/compile/test_hpu_arange.py:17: Tests is chaning env variables</skipped></testcase><testcase classname="pytest_working.compile.test_hpu_arange" name="test_arange[40-1-None-layout1-dtype5]" time="0.000"><skipped type="pytest.skip" message="Tests is chaning env variables">/home/jwieczorek/trees/npu-stack/pytorch-integration/tests/pytest_working/compile/test_hpu_arange.py:17: Tests is chaning env variables</skipped></testcase><testcase classname="pytest_working.compile.test_hpu_arange" name="test_arange[40-1-0-None-None]" time="0.000"><skipped type="pytest.skip" message="Tests is chaning env variables">/home/jwieczorek/trees/npu-stack/pytorch-integration/tests/pytest_working/compile/test_hpu_arange.py:17: Tests is chaning env variables</skipped></testcase><testcase classname="pytest_working.compile.test_hpu_arange" name="test_arange[40-1-0-None-dtype1]" time="0.000"><skipped type="pytest.skip" message="Tests is chaning env variables">/home/jwieczorek/trees/npu-stack/pytorch-integration/tests/pytest_working/compile/test_hpu_arange.py:17: Tests is chaning env variables</skipped></testcase><testcase classname="pytest_working.compile.test_hpu_arange" name="test_arange[40-1-0-None-dtype2]" time="0.000"><skipped type="pytest.skip" message="Tests is chaning env variables">/home/jwieczorek/trees/npu-stack/pytorch-integration/tests/pytest_working/compile/test_hpu_arange.py:17: Tests is chaning env variables</skipped></testcase><testcase classname="pytest_working.compile.test_hpu_arange" name="test_arange[40-1-0-None-dtype3]" time="0.000"><skipped type="pytest.skip" message="Tests is chaning env variables">/home/jwieczorek/trees/npu-stack/pytorch-integration/tests/pytest_working/compile/test_hpu_arange.py:17: Tests is chaning env variables</skipped></testcase><testcase classname="pytest_working.compile.test_hpu_arange" name="test_arange[40-1-0-None-dtype4]" time="0.000"><skipped type="pytest.skip" message="Tests is chaning env variables">/home/jwieczorek/trees/npu-stack/pytorch-integration/tests/pytest_working/compile/test_hpu_arange.py:17: Tests is chaning env variables</skipped></testcase><testcase classname="pytest_working.compile.test_hpu_arange" name="test_arange[40-1-0-None-dtype5]" time="0.000"><skipped type="pytest.skip" message="Tests is chaning env variables">/home/jwieczorek/trees/npu-stack/pytorch-integration/tests/pytest_working/compile/test_hpu_arange.py:17: Tests is chaning env variables</skipped></testcase><testcase classname="pytest_working.compile.test_hpu_arange" name="test_arange[40-1-0-layout1-None]" time="0.000"><skipped type="pytest.skip" message="Tests is chaning env variables">/home/jwieczorek/trees/npu-stack/pytorch-integration/tests/pytest_working/compile/test_hpu_arange.py:17: Tests is chaning env variables</skipped></testcase><testcase classname="pytest_working.compile.test_hpu_arange" name="test_arange[40-1-0-layout1-dtype1]" time="0.001"><skipped type="pytest.skip" message="Tests is chaning env variables">/home/jwieczorek/trees/npu-stack/pytorch-integration/tests/pytest_working/compile/test_hpu_arange.py:17: Tests is chaning env variables</skipped></testcase><testcase classname="pytest_working.compile.test_hpu_arange" name="test_arange[40-1-0-layout1-dtype2]" time="0.000"><skipped type="pytest.skip" message="Tests is chaning env variables">/home/jwieczorek/trees/npu-stack/pytorch-integration/tests/pytest_working/compile/test_hpu_arange.py:17: Tests is chaning env variables</skipped></testcase><testcase classname="pytest_working.compile.test_hpu_arange" name="test_arange[40-1-0-layout1-dtype3]" time="0.000"><skipped type="pytest.skip" message="Tests is chaning env variables">/home/jwieczorek/trees/npu-stack/pytorch-integration/tests/pytest_working/compile/test_hpu_arange.py:17: Tests is chaning env variables</skipped></testcase><testcase classname="pytest_working.compile.test_hpu_arange" name="test_arange[40-1-0-layout1-dtype4]" time="0.000"><skipped type="pytest.skip" message="Tests is chaning env variables">/home/jwieczorek/trees/npu-stack/pytorch-integration/tests/pytest_working/compile/test_hpu_arange.py:17: Tests is chaning env variables</skipped></testcase><testcase classname="pytest_working.compile.test_hpu_arange" name="test_arange[40-1-0-layout1-dtype5]" time="0.000"><skipped type="pytest.skip" message="Tests is chaning env variables">/home/jwieczorek/trees/npu-stack/pytorch-integration/tests/pytest_working/compile/test_hpu_arange.py:17: Tests is chaning env variables</skipped></testcase><testcase classname="pytest_working.compile.test_hpu_arange" name="test_arange[40-1-10-None-None]" time="0.000"><skipped type="pytest.skip" message="Tests is chaning env variables">/home/jwieczorek/trees/npu-stack/pytorch-integration/tests/pytest_working/compile/test_hpu_arange.py:17: Tests is chaning env variables</skipped></testcase><testcase classname="pytest_working.compile.test_hpu_arange" name="test_arange[40-1-10-None-dtype1]" time="0.000"><skipped type="pytest.skip" message="Tests is chaning env variables">/home/jwieczorek/trees/npu-stack/pytorch-integration/tests/pytest_working/compile/test_hpu_arange.py:17: Tests is chaning env variables</skipped></testcase><testcase classname="pytest_working.compile.test_hpu_arange" name="test_arange[40-1-10-None-dtype2]" time="0.000"><skipped type="pytest.skip" message="Tests is chaning env variables">/home/jwieczorek/trees/npu-stack/pytorch-integration/tests/pytest_working/compile/test_hpu_arange.py:17: Tests is chaning env variables</skipped></testcase><testcase classname="pytest_working.compile.test_hpu_arange" name="test_arange[40-1-10-None-dtype3]" time="0.000"><skipped type="pytest.skip" message="Tests is chaning env variables">/home/jwieczorek/trees/npu-stack/pytorch-integration/tests/pytest_working/compile/test_hpu_arange.py:17: Tests is chaning env variables</skipped></testcase><testcase classname="pytest_working.compile.test_hpu_arange" name="test_arange[40-1-10-None-dtype4]" time="0.000"><skipped type="pytest.skip" message="Tests is chaning env variables">/home/jwieczorek/trees/npu-stack/pytorch-integration/tests/pytest_working/compile/test_hpu_arange.py:17: Tests is chaning env variables</skipped></testcase><testcase classname="pytest_working.compile.test_hpu_arange" name="test_arange[40-1-10-None-dtype5]" time="0.001"><skipped type="pytest.skip" message="Tests is chaning env variables">/home/jwieczorek/trees/npu-stack/pytorch-integration/tests/pytest_working/compile/test_hpu_arange.py:17: Tests is chaning env variables</skipped></testcase><testcase classname="pytest_working.compile.test_hpu_arange" name="test_arange[40-1-10-layout1-None]" time="0.000"><skipped type="pytest.skip" message="Tests is chaning env variables">/home/jwieczorek/trees/npu-stack/pytorch-integration/tests/pytest_working/compile/test_hpu_arange.py:17: Tests is chaning env variables</skipped></testcase><testcase classname="pytest_working.compile.test_hpu_arange" name="test_arange[40-1-10-layout1-dtype1]" time="0.000"><skipped type="pytest.skip" message="Tests is chaning env variables">/home/jwieczorek/trees/npu-stack/pytorch-integration/tests/pytest_working/compile/test_hpu_arange.py:17: Tests is chaning env variables</skipped></testcase><testcase classname="pytest_working.compile.test_hpu_arange" name="test_arange[40-1-10-layout1-dtype2]" time="0.000"><skipped type="pytest.skip" message="Tests is chaning env variables">/home/jwieczorek/trees/npu-stack/pytorch-integration/tests/pytest_working/compile/test_hpu_arange.py:17: Tests is chaning env variables</skipped></testcase><testcase classname="pytest_working.compile.test_hpu_arange" name="test_arange[40-1-10-layout1-dtype3]" time="0.000"><skipped type="pytest.skip" message="Tests is chaning env variables">/home/jwieczorek/trees/npu-stack/pytorch-integration/tests/pytest_working/compile/test_hpu_arange.py:17: Tests is chaning env variables</skipped></testcase><testcase classname="pytest_working.compile.test_hpu_arange" name="test_arange[40-1-10-layout1-dtype4]" time="0.000"><skipped type="pytest.skip" message="Tests is chaning env variables">/home/jwieczorek/trees/npu-stack/pytorch-integration/tests/pytest_working/compile/test_hpu_arange.py:17: Tests is chaning env variables</skipped></testcase><testcase classname="pytest_working.compile.test_hpu_arange" name="test_arange[40-1-10-layout1-dtype5]" time="0.000"><skipped type="pytest.skip" message="Tests is chaning env variables">/home/jwieczorek/trees/npu-stack/pytorch-integration/tests/pytest_working/compile/test_hpu_arange.py:17: Tests is chaning env variables</skipped></testcase><testcase classname="pytest_working.compile.test_hpu_arange" name="test_arange[40-20-None-None-None]" time="0.000"><skipped type="pytest.skip" message="Tests is chaning env variables">/home/jwieczorek/trees/npu-stack/pytorch-integration/tests/pytest_working/compile/test_hpu_arange.py:17: Tests is chaning env variables</skipped></testcase><testcase classname="pytest_working.compile.test_hpu_arange" name="test_arange[40-20-None-None-dtype1]" time="0.000"><skipped type="pytest.skip" message="Tests is chaning env variables">/home/jwieczorek/trees/npu-stack/pytorch-integration/tests/pytest_working/compile/test_hpu_arange.py:17: Tests is chaning env variables</skipped></testcase><testcase classname="pytest_working.compile.test_hpu_arange" name="test_arange[40-20-None-None-dtype2]" time="0.000"><skipped type="pytest.skip" message="Tests is chaning env variables">/home/jwieczorek/trees/npu-stack/pytorch-integration/tests/pytest_working/compile/test_hpu_arange.py:17: Tests is chaning env variables</skipped></testcase><testcase classname="pytest_working.compile.test_hpu_arange" name="test_arange[40-20-None-None-dtype3]" time="0.000"><skipped type="pytest.skip" message="Tests is chaning env variables">/home/jwieczorek/trees/npu-stack/pytorch-integration/tests/pytest_working/compile/test_hpu_arange.py:17: Tests is chaning env variables</skipped></testcase><testcase classname="pytest_working.compile.test_hpu_arange" name="test_arange[40-20-None-None-dtype4]" time="0.000"><skipped type="pytest.skip" message="Tests is chaning env variables">/home/jwieczorek/trees/npu-stack/pytorch-integration/tests/pytest_working/compile/test_hpu_arange.py:17: Tests is chaning env variables</skipped></testcase><testcase classname="pytest_working.compile.test_hpu_arange" name="test_arange[40-20-None-None-dtype5]" time="0.000"><skipped type="pytest.skip" message="Tests is chaning env variables">/home/jwieczorek/trees/npu-stack/pytorch-integration/tests/pytest_working/compile/test_hpu_arange.py:17: Tests is chaning env variables</skipped></testcase><testcase classname="pytest_working.compile.test_hpu_arange" name="test_arange[40-20-None-layout1-None]" time="0.000"><skipped type="pytest.skip" message="Tests is chaning env variables">/home/jwieczorek/trees/npu-stack/pytorch-integration/tests/pytest_working/compile/test_hpu_arange.py:17: Tests is chaning env variables</skipped></testcase><testcase classname="pytest_working.compile.test_hpu_arange" name="test_arange[40-20-None-layout1-dtype1]" time="0.000"><skipped type="pytest.skip" message="Tests is chaning env variables">/home/jwieczorek/trees/npu-stack/pytorch-integration/tests/pytest_working/compile/test_hpu_arange.py:17: Tests is chaning env variables</skipped></testcase><testcase classname="pytest_working.compile.test_hpu_arange" name="test_arange[40-20-None-layout1-dtype2]" time="0.000"><skipped type="pytest.skip" message="Tests is chaning env variables">/home/jwieczorek/trees/npu-stack/pytorch-integration/tests/pytest_working/compile/test_hpu_arange.py:17: Tests is chaning env variables</skipped></testcase><testcase classname="pytest_working.compile.test_hpu_arange" name="test_arange[40-20-None-layout1-dtype3]" time="0.000"><skipped type="pytest.skip" message="Tests is chaning env variables">/home/jwieczorek/trees/npu-stack/pytorch-integration/tests/pytest_working/compile/test_hpu_arange.py:17: Tests is chaning env variables</skipped></testcase><testcase classname="pytest_working.compile.test_hpu_arange" name="test_arange[40-20-None-layout1-dtype4]" time="0.000"><skipped type="pytest.skip" message="Tests is chaning env variables">/home/jwieczorek/trees/npu-stack/pytorch-integration/tests/pytest_working/compile/test_hpu_arange.py:17: Tests is chaning env variables</skipped></testcase><testcase classname="pytest_working.compile.test_hpu_arange" name="test_arange[40-20-None-layout1-dtype5]" time="0.000"><skipped type="pytest.skip" message="Tests is chaning env variables">/home/jwieczorek/trees/npu-stack/pytorch-integration/tests/pytest_working/compile/test_hpu_arange.py:17: Tests is chaning env variables</skipped></testcase><testcase classname="pytest_working.compile.test_hpu_arange" name="test_arange[40-20-0-None-None]" time="0.000"><skipped type="pytest.skip" message="Tests is chaning env variables">/home/jwieczorek/trees/npu-stack/pytorch-integration/tests/pytest_working/compile/test_hpu_arange.py:17: Tests is chaning env variables</skipped></testcase><testcase classname="pytest_working.compile.test_hpu_arange" name="test_arange[40-20-0-None-dtype1]" time="0.000"><skipped type="pytest.skip" message="Tests is chaning env variables">/home/jwieczorek/trees/npu-stack/pytorch-integration/tests/pytest_working/compile/test_hpu_arange.py:17: Tests is chaning env variables</skipped></testcase><testcase classname="pytest_working.compile.test_hpu_arange" name="test_arange[40-20-0-None-dtype2]" time="0.000"><skipped type="pytest.skip" message="Tests is chaning env variables">/home/jwieczorek/trees/npu-stack/pytorch-integration/tests/pytest_working/compile/test_hpu_arange.py:17: Tests is chaning env variables</skipped></testcase><testcase classname="pytest_working.compile.test_hpu_arange" name="test_arange[40-20-0-None-dtype3]" time="0.000"><skipped type="pytest.skip" message="Tests is chaning env variables">/home/jwieczorek/trees/npu-stack/pytorch-integration/tests/pytest_working/compile/test_hpu_arange.py:17: Tests is chaning env variables</skipped></testcase><testcase classname="pytest_working.compile.test_hpu_arange" name="test_arange[40-20-0-None-dtype4]" time="0.000"><skipped type="pytest.skip" message="Tests is chaning env variables">/home/jwieczorek/trees/npu-stack/pytorch-integration/tests/pytest_working/compile/test_hpu_arange.py:17: Tests is chaning env variables</skipped></testcase><testcase classname="pytest_working.compile.test_hpu_arange" name="test_arange[40-20-0-None-dtype5]" time="0.000"><skipped type="pytest.skip" message="Tests is chaning env variables">/home/jwieczorek/trees/npu-stack/pytorch-integration/tests/pytest_working/compile/test_hpu_arange.py:17: Tests is chaning env variables</skipped></testcase><testcase classname="pytest_working.compile.test_hpu_arange" name="test_arange[40-20-0-layout1-None]" time="0.000"><skipped type="pytest.skip" message="Tests is chaning env variables">/home/jwieczorek/trees/npu-stack/pytorch-integration/tests/pytest_working/compile/test_hpu_arange.py:17: Tests is chaning env variables</skipped></testcase><testcase classname="pytest_working.compile.test_hpu_arange" name="test_arange[40-20-0-layout1-dtype1]" time="0.000"><skipped type="pytest.skip" message="Tests is chaning env variables">/home/jwieczorek/trees/npu-stack/pytorch-integration/tests/pytest_working/compile/test_hpu_arange.py:17: Tests is chaning env variables</skipped></testcase><testcase classname="pytest_working.compile.test_hpu_arange" name="test_arange[40-20-0-layout1-dtype2]" time="0.000"><skipped type="pytest.skip" message="Tests is chaning env variables">/home/jwieczorek/trees/npu-stack/pytorch-integration/tests/pytest_working/compile/test_hpu_arange.py:17: Tests is chaning env variables</skipped></testcase><testcase classname="pytest_working.compile.test_hpu_arange" name="test_arange[40-20-0-layout1-dtype3]" time="0.000"><skipped type="pytest.skip" message="Tests is chaning env variables">/home/jwieczorek/trees/npu-stack/pytorch-integration/tests/pytest_working/compile/test_hpu_arange.py:17: Tests is chaning env variables</skipped></testcase><testcase classname="pytest_working.compile.test_hpu_arange" name="test_arange[40-20-0-layout1-dtype4]" time="0.000"><skipped type="pytest.skip" message="Tests is chaning env variables">/home/jwieczorek/trees/npu-stack/pytorch-integration/tests/pytest_working/compile/test_hpu_arange.py:17: Tests is chaning env variables</skipped></testcase><testcase classname="pytest_working.compile.test_hpu_arange" name="test_arange[40-20-0-layout1-dtype5]" time="0.001"><skipped type="pytest.skip" message="Tests is chaning env variables">/home/jwieczorek/trees/npu-stack/pytorch-integration/tests/pytest_working/compile/test_hpu_arange.py:17: Tests is chaning env variables</skipped></testcase><testcase classname="pytest_working.compile.test_hpu_arange" name="test_arange[40-20-10-None-None]" time="0.000"><skipped type="pytest.skip" message="Tests is chaning env variables">/home/jwieczorek/trees/npu-stack/pytorch-integration/tests/pytest_working/compile/test_hpu_arange.py:17: Tests is chaning env variables</skipped></testcase><testcase classname="pytest_working.compile.test_hpu_arange" name="test_arange[40-20-10-None-dtype1]" time="0.000"><skipped type="pytest.skip" message="Tests is chaning env variables">/home/jwieczorek/trees/npu-stack/pytorch-integration/tests/pytest_working/compile/test_hpu_arange.py:17: Tests is chaning env variables</skipped></testcase><testcase classname="pytest_working.compile.test_hpu_arange" name="test_arange[40-20-10-None-dtype2]" time="0.000"><skipped type="pytest.skip" message="Tests is chaning env variables">/home/jwieczorek/trees/npu-stack/pytorch-integration/tests/pytest_working/compile/test_hpu_arange.py:17: Tests is chaning env variables</skipped></testcase><testcase classname="pytest_working.compile.test_hpu_arange" name="test_arange[40-20-10-None-dtype3]" time="0.000"><skipped type="pytest.skip" message="Tests is chaning env variables">/home/jwieczorek/trees/npu-stack/pytorch-integration/tests/pytest_working/compile/test_hpu_arange.py:17: Tests is chaning env variables</skipped></testcase><testcase classname="pytest_working.compile.test_hpu_arange" name="test_arange[40-20-10-None-dtype4]" time="0.000"><skipped type="pytest.skip" message="Tests is chaning env variables">/home/jwieczorek/trees/npu-stack/pytorch-integration/tests/pytest_working/compile/test_hpu_arange.py:17: Tests is chaning env variables</skipped></testcase><testcase classname="pytest_working.compile.test_hpu_arange" name="test_arange[40-20-10-None-dtype5]" time="0.000"><skipped type="pytest.skip" message="Tests is chaning env variables">/home/jwieczorek/trees/npu-stack/pytorch-integration/tests/pytest_working/compile/test_hpu_arange.py:17: Tests is chaning env variables</skipped></testcase><testcase classname="pytest_working.compile.test_hpu_arange" name="test_arange[40-20-10-layout1-None]" time="0.000"><skipped type="pytest.skip" message="Tests is chaning env variables">/home/jwieczorek/trees/npu-stack/pytorch-integration/tests/pytest_working/compile/test_hpu_arange.py:17: Tests is chaning env variables</skipped></testcase><testcase classname="pytest_working.compile.test_hpu_arange" name="test_arange[40-20-10-layout1-dtype1]" time="0.000"><skipped type="pytest.skip" message="Tests is chaning env variables">/home/jwieczorek/trees/npu-stack/pytorch-integration/tests/pytest_working/compile/test_hpu_arange.py:17: Tests is chaning env variables</skipped></testcase><testcase classname="pytest_working.compile.test_hpu_arange" name="test_arange[40-20-10-layout1-dtype2]" time="0.000"><skipped type="pytest.skip" message="Tests is chaning env variables">/home/jwieczorek/trees/npu-stack/pytorch-integration/tests/pytest_working/compile/test_hpu_arange.py:17: Tests is chaning env variables</skipped></testcase><testcase classname="pytest_working.compile.test_hpu_arange" name="test_arange[40-20-10-layout1-dtype3]" time="0.001"><skipped type="pytest.skip" message="Tests is chaning env variables">/home/jwieczorek/trees/npu-stack/pytorch-integration/tests/pytest_working/compile/test_hpu_arange.py:17: Tests is chaning env variables</skipped></testcase><testcase classname="pytest_working.compile.test_hpu_arange" name="test_arange[40-20-10-layout1-dtype4]" time="0.000"><skipped type="pytest.skip" message="Tests is chaning env variables">/home/jwieczorek/trees/npu-stack/pytorch-integration/tests/pytest_working/compile/test_hpu_arange.py:17: Tests is chaning env variables</skipped></testcase><testcase classname="pytest_working.compile.test_hpu_arange" name="test_arange[40-20-10-layout1-dtype5]" time="0.000"><skipped type="pytest.skip" message="Tests is chaning env variables">/home/jwieczorek/trees/npu-stack/pytorch-integration/tests/pytest_working/compile/test_hpu_arange.py:17: Tests is chaning env variables</skipped></testcase><testcase classname="pytest_working.compile.test_hpu_arange" name="test_arange[100-None-None-None-None]" time="0.000"><skipped type="pytest.skip" message="Tests is chaning env variables">/home/jwieczorek/trees/npu-stack/pytorch-integration/tests/pytest_working/compile/test_hpu_arange.py:17: Tests is chaning env variables</skipped></testcase><testcase classname="pytest_working.compile.test_hpu_arange" name="test_arange[100-None-None-None-dtype1]" time="0.000"><skipped type="pytest.skip" message="Tests is chaning env variables">/home/jwieczorek/trees/npu-stack/pytorch-integration/tests/pytest_working/compile/test_hpu_arange.py:17: Tests is chaning env variables</skipped></testcase><testcase classname="pytest_working.compile.test_hpu_arange" name="test_arange[100-None-None-None-dtype2]" time="0.000"><skipped type="pytest.skip" message="Tests is chaning env variables">/home/jwieczorek/trees/npu-stack/pytorch-integration/tests/pytest_working/compile/test_hpu_arange.py:17: Tests is chaning env variables</skipped></testcase><testcase classname="pytest_working.compile.test_hpu_arange" name="test_arange[100-None-None-None-dtype3]" time="0.000"><skipped type="pytest.skip" message="Tests is chaning env variables">/home/jwieczorek/trees/npu-stack/pytorch-integration/tests/pytest_working/compile/test_hpu_arange.py:17: Tests is chaning env variables</skipped></testcase><testcase classname="pytest_working.compile.test_hpu_arange" name="test_arange[100-None-None-None-dtype4]" time="0.000"><skipped type="pytest.skip" message="Tests is chaning env variables">/home/jwieczorek/trees/npu-stack/pytorch-integration/tests/pytest_working/compile/test_hpu_arange.py:17: Tests is chaning env variables</skipped></testcase><testcase classname="pytest_working.compile.test_hpu_arange" name="test_arange[100-None-None-None-dtype5]" time="0.000"><skipped type="pytest.skip" message="Tests is chaning env variables">/home/jwieczorek/trees/npu-stack/pytorch-integration/tests/pytest_working/compile/test_hpu_arange.py:17: Tests is chaning env variables</skipped></testcase><testcase classname="pytest_working.compile.test_hpu_arange" name="test_arange[100-None-None-layout1-None]" time="0.000"><skipped type="pytest.skip" message="Tests is chaning env variables">/home/jwieczorek/trees/npu-stack/pytorch-integration/tests/pytest_working/compile/test_hpu_arange.py:17: Tests is chaning env variables</skipped></testcase><testcase classname="pytest_working.compile.test_hpu_arange" name="test_arange[100-None-None-layout1-dtype1]" time="0.001"><skipped type="pytest.skip" message="Tests is chaning env variables">/home/jwieczorek/trees/npu-stack/pytorch-integration/tests/pytest_working/compile/test_hpu_arange.py:17: Tests is chaning env variables</skipped></testcase><testcase classname="pytest_working.compile.test_hpu_arange" name="test_arange[100-None-None-layout1-dtype2]" time="0.000"><skipped type="pytest.skip" message="Tests is chaning env variables">/home/jwieczorek/trees/npu-stack/pytorch-integration/tests/pytest_working/compile/test_hpu_arange.py:17: Tests is chaning env variables</skipped></testcase><testcase classname="pytest_working.compile.test_hpu_arange" name="test_arange[100-None-None-layout1-dtype3]" time="0.000"><skipped type="pytest.skip" message="Tests is chaning env variables">/home/jwieczorek/trees/npu-stack/pytorch-integration/tests/pytest_working/compile/test_hpu_arange.py:17: Tests is chaning env variables</skipped></testcase><testcase classname="pytest_working.compile.test_hpu_arange" name="test_arange[100-None-None-layout1-dtype4]" time="0.000"><skipped type="pytest.skip" message="Tests is chaning env variables">/home/jwieczorek/trees/npu-stack/pytorch-integration/tests/pytest_working/compile/test_hpu_arange.py:17: Tests is chaning env variables</skipped></testcase><testcase classname="pytest_working.compile.test_hpu_arange" name="test_arange[100-None-None-layout1-dtype5]" time="0.000"><skipped type="pytest.skip" message="Tests is chaning env variables">/home/jwieczorek/trees/npu-stack/pytorch-integration/tests/pytest_working/compile/test_hpu_arange.py:17: Tests is chaning env variables</skipped></testcase><testcase classname="pytest_working.compile.test_hpu_arange" name="test_arange[100-None-0-None-None]" time="0.000"><skipped type="pytest.skip" message="Tests is chaning env variables">/home/jwieczorek/trees/npu-stack/pytorch-integration/tests/pytest_working/compile/test_hpu_arange.py:17: Tests is chaning env variables</skipped></testcase><testcase classname="pytest_working.compile.test_hpu_arange" name="test_arange[100-None-0-None-dtype1]" time="0.000"><skipped type="pytest.skip" message="Tests is chaning env variables">/home/jwieczorek/trees/npu-stack/pytorch-integration/tests/pytest_working/compile/test_hpu_arange.py:17: Tests is chaning env variables</skipped></testcase><testcase classname="pytest_working.compile.test_hpu_arange" name="test_arange[100-None-0-None-dtype2]" time="0.000"><skipped type="pytest.skip" message="Tests is chaning env variables">/home/jwieczorek/trees/npu-stack/pytorch-integration/tests/pytest_working/compile/test_hpu_arange.py:17: Tests is chaning env variables</skipped></testcase><testcase classname="pytest_working.compile.test_hpu_arange" name="test_arange[100-None-0-None-dtype3]" time="0.000"><skipped type="pytest.skip" message="Tests is chaning env variables">/home/jwieczorek/trees/npu-stack/pytorch-integration/tests/pytest_working/compile/test_hpu_arange.py:17: Tests is chaning env variables</skipped></testcase><testcase classname="pytest_working.compile.test_hpu_arange" name="test_arange[100-None-0-None-dtype4]" time="0.000"><skipped type="pytest.skip" message="Tests is chaning env variables">/home/jwieczorek/trees/npu-stack/pytorch-integration/tests/pytest_working/compile/test_hpu_arange.py:17: Tests is chaning env variables</skipped></testcase><testcase classname="pytest_working.compile.test_hpu_arange" name="test_arange[100-None-0-None-dtype5]" time="0.001"><skipped type="pytest.skip" message="Tests is chaning env variables">/home/jwieczorek/trees/npu-stack/pytorch-integration/tests/pytest_working/compile/test_hpu_arange.py:17: Tests is chaning env variables</skipped></testcase><testcase classname="pytest_working.compile.test_hpu_arange" name="test_arange[100-None-0-layout1-None]" time="0.000"><skipped type="pytest.skip" message="Tests is chaning env variables">/home/jwieczorek/trees/npu-stack/pytorch-integration/tests/pytest_working/compile/test_hpu_arange.py:17: Tests is chaning env variables</skipped></testcase><testcase classname="pytest_working.compile.test_hpu_arange" name="test_arange[100-None-0-layout1-dtype1]" time="0.000"><skipped type="pytest.skip" message="Tests is chaning env variables">/home/jwieczorek/trees/npu-stack/pytorch-integration/tests/pytest_working/compile/test_hpu_arange.py:17: Tests is chaning env variables</skipped></testcase><testcase classname="pytest_working.compile.test_hpu_arange" name="test_arange[100-None-0-layout1-dtype2]" time="0.000"><skipped type="pytest.skip" message="Tests is chaning env variables">/home/jwieczorek/trees/npu-stack/pytorch-integration/tests/pytest_working/compile/test_hpu_arange.py:17: Tests is chaning env variables</skipped></testcase><testcase classname="pytest_working.compile.test_hpu_arange" name="test_arange[100-None-0-layout1-dtype3]" time="0.000"><skipped type="pytest.skip" message="Tests is chaning env variables">/home/jwieczorek/trees/npu-stack/pytorch-integration/tests/pytest_working/compile/test_hpu_arange.py:17: Tests is chaning env variables</skipped></testcase><testcase classname="pytest_working.compile.test_hpu_arange" name="test_arange[100-None-0-layout1-dtype4]" time="0.000"><skipped type="pytest.skip" message="Tests is chaning env variables">/home/jwieczorek/trees/npu-stack/pytorch-integration/tests/pytest_working/compile/test_hpu_arange.py:17: Tests is chaning env variables</skipped></testcase><testcase classname="pytest_working.compile.test_hpu_arange" name="test_arange[100-None-0-layout1-dtype5]" time="0.000"><skipped type="pytest.skip" message="Tests is chaning env variables">/home/jwieczorek/trees/npu-stack/pytorch-integration/tests/pytest_working/compile/test_hpu_arange.py:17: Tests is chaning env variables</skipped></testcase><testcase classname="pytest_working.compile.test_hpu_arange" name="test_arange[100-None-10-None-None]" time="0.000"><skipped type="pytest.skip" message="Tests is chaning env variables">/home/jwieczorek/trees/npu-stack/pytorch-integration/tests/pytest_working/compile/test_hpu_arange.py:17: Tests is chaning env variables</skipped></testcase><testcase classname="pytest_working.compile.test_hpu_arange" name="test_arange[100-None-10-None-dtype1]" time="0.000"><skipped type="pytest.skip" message="Tests is chaning env variables">/home/jwieczorek/trees/npu-stack/pytorch-integration/tests/pytest_working/compile/test_hpu_arange.py:17: Tests is chaning env variables</skipped></testcase><testcase classname="pytest_working.compile.test_hpu_arange" name="test_arange[100-None-10-None-dtype2]" time="0.000"><skipped type="pytest.skip" message="Tests is chaning env variables">/home/jwieczorek/trees/npu-stack/pytorch-integration/tests/pytest_working/compile/test_hpu_arange.py:17: Tests is chaning env variables</skipped></testcase><testcase classname="pytest_working.compile.test_hpu_arange" name="test_arange[100-None-10-None-dtype3]" time="0.001"><skipped type="pytest.skip" message="Tests is chaning env variables">/home/jwieczorek/trees/npu-stack/pytorch-integration/tests/pytest_working/compile/test_hpu_arange.py:17: Tests is chaning env variables</skipped></testcase><testcase classname="pytest_working.compile.test_hpu_arange" name="test_arange[100-None-10-None-dtype4]" time="0.000"><skipped type="pytest.skip" message="Tests is chaning env variables">/home/jwieczorek/trees/npu-stack/pytorch-integration/tests/pytest_working/compile/test_hpu_arange.py:17: Tests is chaning env variables</skipped></testcase><testcase classname="pytest_working.compile.test_hpu_arange" name="test_arange[100-None-10-None-dtype5]" time="0.000"><skipped type="pytest.skip" message="Tests is chaning env variables">/home/jwieczorek/trees/npu-stack/pytorch-integration/tests/pytest_working/compile/test_hpu_arange.py:17: Tests is chaning env variables</skipped></testcase><testcase classname="pytest_working.compile.test_hpu_arange" name="test_arange[100-None-10-layout1-None]" time="0.000"><skipped type="pytest.skip" message="Tests is chaning env variables">/home/jwieczorek/trees/npu-stack/pytorch-integration/tests/pytest_working/compile/test_hpu_arange.py:17: Tests is chaning env variables</skipped></testcase><testcase classname="pytest_working.compile.test_hpu_arange" name="test_arange[100-None-10-layout1-dtype1]" time="0.000"><skipped type="pytest.skip" message="Tests is chaning env variables">/home/jwieczorek/trees/npu-stack/pytorch-integration/tests/pytest_working/compile/test_hpu_arange.py:17: Tests is chaning env variables</skipped></testcase><testcase classname="pytest_working.compile.test_hpu_arange" name="test_arange[100-None-10-layout1-dtype2]" time="0.000"><skipped type="pytest.skip" message="Tests is chaning env variables">/home/jwieczorek/trees/npu-stack/pytorch-integration/tests/pytest_working/compile/test_hpu_arange.py:17: Tests is chaning env variables</skipped></testcase><testcase classname="pytest_working.compile.test_hpu_arange" name="test_arange[100-None-10-layout1-dtype3]" time="0.000"><skipped type="pytest.skip" message="Tests is chaning env variables">/home/jwieczorek/trees/npu-stack/pytorch-integration/tests/pytest_working/compile/test_hpu_arange.py:17: Tests is chaning env variables</skipped></testcase><testcase classname="pytest_working.compile.test_hpu_arange" name="test_arange[100-None-10-layout1-dtype4]" time="0.000"><skipped type="pytest.skip" message="Tests is chaning env variables">/home/jwieczorek/trees/npu-stack/pytorch-integration/tests/pytest_working/compile/test_hpu_arange.py:17: Tests is chaning env variables</skipped></testcase><testcase classname="pytest_working.compile.test_hpu_arange" name="test_arange[100-None-10-layout1-dtype5]" time="0.000"><skipped type="pytest.skip" message="Tests is chaning env variables">/home/jwieczorek/trees/npu-stack/pytorch-integration/tests/pytest_working/compile/test_hpu_arange.py:17: Tests is chaning env variables</skipped></testcase><testcase classname="pytest_working.compile.test_hpu_arange" name="test_arange[100-1-None-None-None]" time="0.000"><skipped type="pytest.skip" message="Tests is chaning env variables">/home/jwieczorek/trees/npu-stack/pytorch-integration/tests/pytest_working/compile/test_hpu_arange.py:17: Tests is chaning env variables</skipped></testcase><testcase classname="pytest_working.compile.test_hpu_arange" name="test_arange[100-1-None-None-dtype1]" time="0.001"><skipped type="pytest.skip" message="Tests is chaning env variables">/home/jwieczorek/trees/npu-stack/pytorch-integration/tests/pytest_working/compile/test_hpu_arange.py:17: Tests is chaning env variables</skipped></testcase><testcase classname="pytest_working.compile.test_hpu_arange" name="test_arange[100-1-None-None-dtype2]" time="0.000"><skipped type="pytest.skip" message="Tests is chaning env variables">/home/jwieczorek/trees/npu-stack/pytorch-integration/tests/pytest_working/compile/test_hpu_arange.py:17: Tests is chaning env variables</skipped></testcase><testcase classname="pytest_working.compile.test_hpu_arange" name="test_arange[100-1-None-None-dtype3]" time="0.000"><skipped type="pytest.skip" message="Tests is chaning env variables">/home/jwieczorek/trees/npu-stack/pytorch-integration/tests/pytest_working/compile/test_hpu_arange.py:17: Tests is chaning env variables</skipped></testcase><testcase classname="pytest_working.compile.test_hpu_arange" name="test_arange[100-1-None-None-dtype4]" time="0.000"><skipped type="pytest.skip" message="Tests is chaning env variables">/home/jwieczorek/trees/npu-stack/pytorch-integration/tests/pytest_working/compile/test_hpu_arange.py:17: Tests is chaning env variables</skipped></testcase><testcase classname="pytest_working.compile.test_hpu_arange" name="test_arange[100-1-None-None-dtype5]" time="0.000"><skipped type="pytest.skip" message="Tests is chaning env variables">/home/jwieczorek/trees/npu-stack/pytorch-integration/tests/pytest_working/compile/test_hpu_arange.py:17: Tests is chaning env variables</skipped></testcase><testcase classname="pytest_working.compile.test_hpu_arange" name="test_arange[100-1-None-layout1-None]" time="0.000"><skipped type="pytest.skip" message="Tests is chaning env variables">/home/jwieczorek/trees/npu-stack/pytorch-integration/tests/pytest_working/compile/test_hpu_arange.py:17: Tests is chaning env variables</skipped></testcase><testcase classname="pytest_working.compile.test_hpu_arange" name="test_arange[100-1-None-layout1-dtype1]" time="0.000"><skipped type="pytest.skip" message="Tests is chaning env variables">/home/jwieczorek/trees/npu-stack/pytorch-integration/tests/pytest_working/compile/test_hpu_arange.py:17: Tests is chaning env variables</skipped></testcase><testcase classname="pytest_working.compile.test_hpu_arange" name="test_arange[100-1-None-layout1-dtype2]" time="0.000"><skipped type="pytest.skip" message="Tests is chaning env variables">/home/jwieczorek/trees/npu-stack/pytorch-integration/tests/pytest_working/compile/test_hpu_arange.py:17: Tests is chaning env variables</skipped></testcase><testcase classname="pytest_working.compile.test_hpu_arange" name="test_arange[100-1-None-layout1-dtype3]" time="0.000"><skipped type="pytest.skip" message="Tests is chaning env variables">/home/jwieczorek/trees/npu-stack/pytorch-integration/tests/pytest_working/compile/test_hpu_arange.py:17: Tests is chaning env variables</skipped></testcase><testcase classname="pytest_working.compile.test_hpu_arange" name="test_arange[100-1-None-layout1-dtype4]" time="0.000"><skipped type="pytest.skip" message="Tests is chaning env variables">/home/jwieczorek/trees/npu-stack/pytorch-integration/tests/pytest_working/compile/test_hpu_arange.py:17: Tests is chaning env variables</skipped></testcase><testcase classname="pytest_working.compile.test_hpu_arange" name="test_arange[100-1-None-layout1-dtype5]" time="0.000"><skipped type="pytest.skip" message="Tests is chaning env variables">/home/jwieczorek/trees/npu-stack/pytorch-integration/tests/pytest_working/compile/test_hpu_arange.py:17: Tests is chaning env variables</skipped></testcase><testcase classname="pytest_working.compile.test_hpu_arange" name="test_arange[100-1-0-None-None]" time="0.000"><skipped type="pytest.skip" message="Tests is chaning env variables">/home/jwieczorek/trees/npu-stack/pytorch-integration/tests/pytest_working/compile/test_hpu_arange.py:17: Tests is chaning env variables</skipped></testcase><testcase classname="pytest_working.compile.test_hpu_arange" name="test_arange[100-1-0-None-dtype1]" time="0.000"><skipped type="pytest.skip" message="Tests is chaning env variables">/home/jwieczorek/trees/npu-stack/pytorch-integration/tests/pytest_working/compile/test_hpu_arange.py:17: Tests is chaning env variables</skipped></testcase><testcase classname="pytest_working.compile.test_hpu_arange" name="test_arange[100-1-0-None-dtype2]" time="0.000"><skipped type="pytest.skip" message="Tests is chaning env variables">/home/jwieczorek/trees/npu-stack/pytorch-integration/tests/pytest_working/compile/test_hpu_arange.py:17: Tests is chaning env variables</skipped></testcase><testcase classname="pytest_working.compile.test_hpu_arange" name="test_arange[100-1-0-None-dtype3]" time="0.000"><skipped type="pytest.skip" message="Tests is chaning env variables">/home/jwieczorek/trees/npu-stack/pytorch-integration/tests/pytest_working/compile/test_hpu_arange.py:17: Tests is chaning env variables</skipped></testcase><testcase classname="pytest_working.compile.test_hpu_arange" name="test_arange[100-1-0-None-dtype4]" time="0.000"><skipped type="pytest.skip" message="Tests is chaning env variables">/home/jwieczorek/trees/npu-stack/pytorch-integration/tests/pytest_working/compile/test_hpu_arange.py:17: Tests is chaning env variables</skipped></testcase><testcase classname="pytest_working.compile.test_hpu_arange" name="test_arange[100-1-0-None-dtype5]" time="0.000"><skipped type="pytest.skip" message="Tests is chaning env variables">/home/jwieczorek/trees/npu-stack/pytorch-integration/tests/pytest_working/compile/test_hpu_arange.py:17: Tests is chaning env variables</skipped></testcase><testcase classname="pytest_working.compile.test_hpu_arange" name="test_arange[100-1-0-layout1-None]" time="0.000"><skipped type="pytest.skip" message="Tests is chaning env variables">/home/jwieczorek/trees/npu-stack/pytorch-integration/tests/pytest_working/compile/test_hpu_arange.py:17: Tests is chaning env variables</skipped></testcase><testcase classname="pytest_working.compile.test_hpu_arange" name="test_arange[100-1-0-layout1-dtype1]" time="0.000"><skipped type="pytest.skip" message="Tests is chaning env variables">/home/jwieczorek/trees/npu-stack/pytorch-integration/tests/pytest_working/compile/test_hpu_arange.py:17: Tests is chaning env variables</skipped></testcase><testcase classname="pytest_working.compile.test_hpu_arange" name="test_arange[100-1-0-layout1-dtype2]" time="0.000"><skipped type="pytest.skip" message="Tests is chaning env variables">/home/jwieczorek/trees/npu-stack/pytorch-integration/tests/pytest_working/compile/test_hpu_arange.py:17: Tests is chaning env variables</skipped></testcase><testcase classname="pytest_working.compile.test_hpu_arange" name="test_arange[100-1-0-layout1-dtype3]" time="0.000"><skipped type="pytest.skip" message="Tests is chaning env variables">/home/jwieczorek/trees/npu-stack/pytorch-integration/tests/pytest_working/compile/test_hpu_arange.py:17: Tests is chaning env variables</skipped></testcase><testcase classname="pytest_working.compile.test_hpu_arange" name="test_arange[100-1-0-layout1-dtype4]" time="0.000"><skipped type="pytest.skip" message="Tests is chaning env variables">/home/jwieczorek/trees/npu-stack/pytorch-integration/tests/pytest_working/compile/test_hpu_arange.py:17: Tests is chaning env variables</skipped></testcase><testcase classname="pytest_working.compile.test_hpu_arange" name="test_arange[100-1-0-layout1-dtype5]" time="0.000"><skipped type="pytest.skip" message="Tests is chaning env variables">/home/jwieczorek/trees/npu-stack/pytorch-integration/tests/pytest_working/compile/test_hpu_arange.py:17: Tests is chaning env variables</skipped></testcase><testcase classname="pytest_working.compile.test_hpu_arange" name="test_arange[100-1-10-None-None]" time="0.000"><skipped type="pytest.skip" message="Tests is chaning env variables">/home/jwieczorek/trees/npu-stack/pytorch-integration/tests/pytest_working/compile/test_hpu_arange.py:17: Tests is chaning env variables</skipped></testcase><testcase classname="pytest_working.compile.test_hpu_arange" name="test_arange[100-1-10-None-dtype1]" time="0.000"><skipped type="pytest.skip" message="Tests is chaning env variables">/home/jwieczorek/trees/npu-stack/pytorch-integration/tests/pytest_working/compile/test_hpu_arange.py:17: Tests is chaning env variables</skipped></testcase><testcase classname="pytest_working.compile.test_hpu_arange" name="test_arange[100-1-10-None-dtype2]" time="0.000"><skipped type="pytest.skip" message="Tests is chaning env variables">/home/jwieczorek/trees/npu-stack/pytorch-integration/tests/pytest_working/compile/test_hpu_arange.py:17: Tests is chaning env variables</skipped></testcase><testcase classname="pytest_working.compile.test_hpu_arange" name="test_arange[100-1-10-None-dtype3]" time="0.000"><skipped type="pytest.skip" message="Tests is chaning env variables">/home/jwieczorek/trees/npu-stack/pytorch-integration/tests/pytest_working/compile/test_hpu_arange.py:17: Tests is chaning env variables</skipped></testcase><testcase classname="pytest_working.compile.test_hpu_arange" name="test_arange[100-1-10-None-dtype4]" time="0.000"><skipped type="pytest.skip" message="Tests is chaning env variables">/home/jwieczorek/trees/npu-stack/pytorch-integration/tests/pytest_working/compile/test_hpu_arange.py:17: Tests is chaning env variables</skipped></testcase><testcase classname="pytest_working.compile.test_hpu_arange" name="test_arange[100-1-10-None-dtype5]" time="0.000"><skipped type="pytest.skip" message="Tests is chaning env variables">/home/jwieczorek/trees/npu-stack/pytorch-integration/tests/pytest_working/compile/test_hpu_arange.py:17: Tests is chaning env variables</skipped></testcase><testcase classname="pytest_working.compile.test_hpu_arange" name="test_arange[100-1-10-layout1-None]" time="0.000"><skipped type="pytest.skip" message="Tests is chaning env variables">/home/jwieczorek/trees/npu-stack/pytorch-integration/tests/pytest_working/compile/test_hpu_arange.py:17: Tests is chaning env variables</skipped></testcase><testcase classname="pytest_working.compile.test_hpu_arange" name="test_arange[100-1-10-layout1-dtype1]" time="0.000"><skipped type="pytest.skip" message="Tests is chaning env variables">/home/jwieczorek/trees/npu-stack/pytorch-integration/tests/pytest_working/compile/test_hpu_arange.py:17: Tests is chaning env variables</skipped></testcase><testcase classname="pytest_working.compile.test_hpu_arange" name="test_arange[100-1-10-layout1-dtype2]" time="0.000"><skipped type="pytest.skip" message="Tests is chaning env variables">/home/jwieczorek/trees/npu-stack/pytorch-integration/tests/pytest_working/compile/test_hpu_arange.py:17: Tests is chaning env variables</skipped></testcase><testcase classname="pytest_working.compile.test_hpu_arange" name="test_arange[100-1-10-layout1-dtype3]" time="0.000"><skipped type="pytest.skip" message="Tests is chaning env variables">/home/jwieczorek/trees/npu-stack/pytorch-integration/tests/pytest_working/compile/test_hpu_arange.py:17: Tests is chaning env variables</skipped></testcase><testcase classname="pytest_working.compile.test_hpu_arange" name="test_arange[100-1-10-layout1-dtype4]" time="0.000"><skipped type="pytest.skip" message="Tests is chaning env variables">/home/jwieczorek/trees/npu-stack/pytorch-integration/tests/pytest_working/compile/test_hpu_arange.py:17: Tests is chaning env variables</skipped></testcase><testcase classname="pytest_working.compile.test_hpu_arange" name="test_arange[100-1-10-layout1-dtype5]" time="0.000"><skipped type="pytest.skip" message="Tests is chaning env variables">/home/jwieczorek/trees/npu-stack/pytorch-integration/tests/pytest_working/compile/test_hpu_arange.py:17: Tests is chaning env variables</skipped></testcase><testcase classname="pytest_working.compile.test_hpu_arange" name="test_arange[100-20-None-None-None]" time="0.000"><skipped type="pytest.skip" message="Tests is chaning env variables">/home/jwieczorek/trees/npu-stack/pytorch-integration/tests/pytest_working/compile/test_hpu_arange.py:17: Tests is chaning env variables</skipped></testcase><testcase classname="pytest_working.compile.test_hpu_arange" name="test_arange[100-20-None-None-dtype1]" time="0.000"><skipped type="pytest.skip" message="Tests is chaning env variables">/home/jwieczorek/trees/npu-stack/pytorch-integration/tests/pytest_working/compile/test_hpu_arange.py:17: Tests is chaning env variables</skipped></testcase><testcase classname="pytest_working.compile.test_hpu_arange" name="test_arange[100-20-None-None-dtype2]" time="0.000"><skipped type="pytest.skip" message="Tests is chaning env variables">/home/jwieczorek/trees/npu-stack/pytorch-integration/tests/pytest_working/compile/test_hpu_arange.py:17: Tests is chaning env variables</skipped></testcase><testcase classname="pytest_working.compile.test_hpu_arange" name="test_arange[100-20-None-None-dtype3]" time="0.000"><skipped type="pytest.skip" message="Tests is chaning env variables">/home/jwieczorek/trees/npu-stack/pytorch-integration/tests/pytest_working/compile/test_hpu_arange.py:17: Tests is chaning env variables</skipped></testcase><testcase classname="pytest_working.compile.test_hpu_arange" name="test_arange[100-20-None-None-dtype4]" time="0.000"><skipped type="pytest.skip" message="Tests is chaning env variables">/home/jwieczorek/trees/npu-stack/pytorch-integration/tests/pytest_working/compile/test_hpu_arange.py:17: Tests is chaning env variables</skipped></testcase><testcase classname="pytest_working.compile.test_hpu_arange" name="test_arange[100-20-None-None-dtype5]" time="0.000"><skipped type="pytest.skip" message="Tests is chaning env variables">/home/jwieczorek/trees/npu-stack/pytorch-integration/tests/pytest_working/compile/test_hpu_arange.py:17: Tests is chaning env variables</skipped></testcase><testcase classname="pytest_working.compile.test_hpu_arange" name="test_arange[100-20-None-layout1-None]" time="0.001"><skipped type="pytest.skip" message="Tests is chaning env variables">/home/jwieczorek/trees/npu-stack/pytorch-integration/tests/pytest_working/compile/test_hpu_arange.py:17: Tests is chaning env variables</skipped></testcase><testcase classname="pytest_working.compile.test_hpu_arange" name="test_arange[100-20-None-layout1-dtype1]" time="0.000"><skipped type="pytest.skip" message="Tests is chaning env variables">/home/jwieczorek/trees/npu-stack/pytorch-integration/tests/pytest_working/compile/test_hpu_arange.py:17: Tests is chaning env variables</skipped></testcase><testcase classname="pytest_working.compile.test_hpu_arange" name="test_arange[100-20-None-layout1-dtype2]" time="0.000"><skipped type="pytest.skip" message="Tests is chaning env variables">/home/jwieczorek/trees/npu-stack/pytorch-integration/tests/pytest_working/compile/test_hpu_arange.py:17: Tests is chaning env variables</skipped></testcase><testcase classname="pytest_working.compile.test_hpu_arange" name="test_arange[100-20-None-layout1-dtype3]" time="0.000"><skipped type="pytest.skip" message="Tests is chaning env variables">/home/jwieczorek/trees/npu-stack/pytorch-integration/tests/pytest_working/compile/test_hpu_arange.py:17: Tests is chaning env variables</skipped></testcase><testcase classname="pytest_working.compile.test_hpu_arange" name="test_arange[100-20-None-layout1-dtype4]" time="0.000"><skipped type="pytest.skip" message="Tests is chaning env variables">/home/jwieczorek/trees/npu-stack/pytorch-integration/tests/pytest_working/compile/test_hpu_arange.py:17: Tests is chaning env variables</skipped></testcase><testcase classname="pytest_working.compile.test_hpu_arange" name="test_arange[100-20-None-layout1-dtype5]" time="0.000"><skipped type="pytest.skip" message="Tests is chaning env variables">/home/jwieczorek/trees/npu-stack/pytorch-integration/tests/pytest_working/compile/test_hpu_arange.py:17: Tests is chaning env variables</skipped></testcase><testcase classname="pytest_working.compile.test_hpu_arange" name="test_arange[100-20-0-None-None]" time="0.000"><skipped type="pytest.skip" message="Tests is chaning env variables">/home/jwieczorek/trees/npu-stack/pytorch-integration/tests/pytest_working/compile/test_hpu_arange.py:17: Tests is chaning env variables</skipped></testcase><testcase classname="pytest_working.compile.test_hpu_arange" name="test_arange[100-20-0-None-dtype1]" time="0.000"><skipped type="pytest.skip" message="Tests is chaning env variables">/home/jwieczorek/trees/npu-stack/pytorch-integration/tests/pytest_working/compile/test_hpu_arange.py:17: Tests is chaning env variables</skipped></testcase><testcase classname="pytest_working.compile.test_hpu_arange" name="test_arange[100-20-0-None-dtype2]" time="0.000"><skipped type="pytest.skip" message="Tests is chaning env variables">/home/jwieczorek/trees/npu-stack/pytorch-integration/tests/pytest_working/compile/test_hpu_arange.py:17: Tests is chaning env variables</skipped></testcase><testcase classname="pytest_working.compile.test_hpu_arange" name="test_arange[100-20-0-None-dtype3]" time="0.000"><skipped type="pytest.skip" message="Tests is chaning env variables">/home/jwieczorek/trees/npu-stack/pytorch-integration/tests/pytest_working/compile/test_hpu_arange.py:17: Tests is chaning env variables</skipped></testcase><testcase classname="pytest_working.compile.test_hpu_arange" name="test_arange[100-20-0-None-dtype4]" time="0.001"><skipped type="pytest.skip" message="Tests is chaning env variables">/home/jwieczorek/trees/npu-stack/pytorch-integration/tests/pytest_working/compile/test_hpu_arange.py:17: Tests is chaning env variables</skipped></testcase><testcase classname="pytest_working.compile.test_hpu_arange" name="test_arange[100-20-0-None-dtype5]" time="0.000"><skipped type="pytest.skip" message="Tests is chaning env variables">/home/jwieczorek/trees/npu-stack/pytorch-integration/tests/pytest_working/compile/test_hpu_arange.py:17: Tests is chaning env variables</skipped></testcase><testcase classname="pytest_working.compile.test_hpu_arange" name="test_arange[100-20-0-layout1-None]" time="0.000"><skipped type="pytest.skip" message="Tests is chaning env variables">/home/jwieczorek/trees/npu-stack/pytorch-integration/tests/pytest_working/compile/test_hpu_arange.py:17: Tests is chaning env variables</skipped></testcase><testcase classname="pytest_working.compile.test_hpu_arange" name="test_arange[100-20-0-layout1-dtype1]" time="0.000"><skipped type="pytest.skip" message="Tests is chaning env variables">/home/jwieczorek/trees/npu-stack/pytorch-integration/tests/pytest_working/compile/test_hpu_arange.py:17: Tests is chaning env variables</skipped></testcase><testcase classname="pytest_working.compile.test_hpu_arange" name="test_arange[100-20-0-layout1-dtype2]" time="0.000"><skipped type="pytest.skip" message="Tests is chaning env variables">/home/jwieczorek/trees/npu-stack/pytorch-integration/tests/pytest_working/compile/test_hpu_arange.py:17: Tests is chaning env variables</skipped></testcase><testcase classname="pytest_working.compile.test_hpu_arange" name="test_arange[100-20-0-layout1-dtype3]" time="0.000"><skipped type="pytest.skip" message="Tests is chaning env variables">/home/jwieczorek/trees/npu-stack/pytorch-integration/tests/pytest_working/compile/test_hpu_arange.py:17: Tests is chaning env variables</skipped></testcase><testcase classname="pytest_working.compile.test_hpu_arange" name="test_arange[100-20-0-layout1-dtype4]" time="0.000"><skipped type="pytest.skip" message="Tests is chaning env variables">/home/jwieczorek/trees/npu-stack/pytorch-integration/tests/pytest_working/compile/test_hpu_arange.py:17: Tests is chaning env variables</skipped></testcase><testcase classname="pytest_working.compile.test_hpu_arange" name="test_arange[100-20-0-layout1-dtype5]" time="0.000"><skipped type="pytest.skip" message="Tests is chaning env variables">/home/jwieczorek/trees/npu-stack/pytorch-integration/tests/pytest_working/compile/test_hpu_arange.py:17: Tests is chaning env variables</skipped></testcase><testcase classname="pytest_working.compile.test_hpu_arange" name="test_arange[100-20-10-None-None]" time="0.000"><skipped type="pytest.skip" message="Tests is chaning env variables">/home/jwieczorek/trees/npu-stack/pytorch-integration/tests/pytest_working/compile/test_hpu_arange.py:17: Tests is chaning env variables</skipped></testcase><testcase classname="pytest_working.compile.test_hpu_arange" name="test_arange[100-20-10-None-dtype1]" time="0.000"><skipped type="pytest.skip" message="Tests is chaning env variables">/home/jwieczorek/trees/npu-stack/pytorch-integration/tests/pytest_working/compile/test_hpu_arange.py:17: Tests is chaning env variables</skipped></testcase><testcase classname="pytest_working.compile.test_hpu_arange" name="test_arange[100-20-10-None-dtype2]" time="0.001"><skipped type="pytest.skip" message="Tests is chaning env variables">/home/jwieczorek/trees/npu-stack/pytorch-integration/tests/pytest_working/compile/test_hpu_arange.py:17: Tests is chaning env variables</skipped></testcase><testcase classname="pytest_working.compile.test_hpu_arange" name="test_arange[100-20-10-None-dtype3]" time="0.000"><skipped type="pytest.skip" message="Tests is chaning env variables">/home/jwieczorek/trees/npu-stack/pytorch-integration/tests/pytest_working/compile/test_hpu_arange.py:17: Tests is chaning env variables</skipped></testcase><testcase classname="pytest_working.compile.test_hpu_arange" name="test_arange[100-20-10-None-dtype4]" time="0.000"><skipped type="pytest.skip" message="Tests is chaning env variables">/home/jwieczorek/trees/npu-stack/pytorch-integration/tests/pytest_working/compile/test_hpu_arange.py:17: Tests is chaning env variables</skipped></testcase><testcase classname="pytest_working.compile.test_hpu_arange" name="test_arange[100-20-10-None-dtype5]" time="0.000"><skipped type="pytest.skip" message="Tests is chaning env variables">/home/jwieczorek/trees/npu-stack/pytorch-integration/tests/pytest_working/compile/test_hpu_arange.py:17: Tests is chaning env variables</skipped></testcase><testcase classname="pytest_working.compile.test_hpu_arange" name="test_arange[100-20-10-layout1-None]" time="0.000"><skipped type="pytest.skip" message="Tests is chaning env variables">/home/jwieczorek/trees/npu-stack/pytorch-integration/tests/pytest_working/compile/test_hpu_arange.py:17: Tests is chaning env variables</skipped></testcase><testcase classname="pytest_working.compile.test_hpu_arange" name="test_arange[100-20-10-layout1-dtype1]" time="0.000"><skipped type="pytest.skip" message="Tests is chaning env variables">/home/jwieczorek/trees/npu-stack/pytorch-integration/tests/pytest_working/compile/test_hpu_arange.py:17: Tests is chaning env variables</skipped></testcase><testcase classname="pytest_working.compile.test_hpu_arange" name="test_arange[100-20-10-layout1-dtype2]" time="0.000"><skipped type="pytest.skip" message="Tests is chaning env variables">/home/jwieczorek/trees/npu-stack/pytorch-integration/tests/pytest_working/compile/test_hpu_arange.py:17: Tests is chaning env variables</skipped></testcase><testcase classname="pytest_working.compile.test_hpu_arange" name="test_arange[100-20-10-layout1-dtype3]" time="0.000"><skipped type="pytest.skip" message="Tests is chaning env variables">/home/jwieczorek/trees/npu-stack/pytorch-integration/tests/pytest_working/compile/test_hpu_arange.py:17: Tests is chaning env variables</skipped></testcase><testcase classname="pytest_working.compile.test_hpu_arange" name="test_arange[100-20-10-layout1-dtype4]" time="0.000"><skipped type="pytest.skip" message="Tests is chaning env variables">/home/jwieczorek/trees/npu-stack/pytorch-integration/tests/pytest_working/compile/test_hpu_arange.py:17: Tests is chaning env variables</skipped></testcase><testcase classname="pytest_working.compile.test_hpu_arange" name="test_arange[100-20-10-layout1-dtype5]" time="0.000"><skipped type="pytest.skip" message="Tests is chaning env variables">/home/jwieczorek/trees/npu-stack/pytorch-integration/tests/pytest_working/compile/test_hpu_arange.py:17: Tests is chaning env variables</skipped></testcase><testcase classname="pytest_working.compile.test_hpu_autocast" name="test_autocast" time="0.001"><skipped type="pytest.skip" message="This test requires PT_HPU_LAZY_MODE=0">/home/jwieczorek/trees/npu-stack/pytorch-integration/tests/pytest_working/compile/conftest.py:20: This test requires PT_HPU_LAZY_MODE=0</skipped></testcase><testcase classname="pytest_working.compile.test_hpu_autocast" name="test_autocast_custom_list" time="0.000"><skipped type="pytest.skip" message="This test requires PT_HPU_LAZY_MODE=0">/home/jwieczorek/trees/npu-stack/pytorch-integration/tests/pytest_working/compile/conftest.py:20: This test requires PT_HPU_LAZY_MODE=0</skipped></testcase><testcase classname="pytest_working.compile.test_hpu_copy" name="test_hpu_view_copy" time="0.000"><skipped type="pytest.skip" message="Tests in this file are chaning env variables">/home/jwieczorek/trees/npu-stack/pytorch-integration/tests/pytest_working/compile/test_hpu_copy.py:21: Tests in this file are chaning env variables</skipped></testcase><testcase classname="pytest_working.compile.test_hpu_copy" name="test_hpu_copy_expand" time="0.000"><skipped type="pytest.skip" message="Tests in this file are chaning env variables">/home/jwieczorek/trees/npu-stack/pytorch-integration/tests/pytest_working/compile/test_hpu_copy.py:39: Tests in this file are chaning env variables</skipped></testcase><testcase classname="pytest_working.compile.test_hpu_copy" name="test_hpu_copy_keepmutation" time="0.000"><skipped type="pytest.skip" message="Tests in this file are chaning env variables">/home/jwieczorek/trees/npu-stack/pytorch-integration/tests/pytest_working/compile/test_hpu_copy.py:60: Tests in this file are chaning env variables</skipped></testcase><testcase classname="pytest_working.compile.test_hpu_copy" name="test_hpu_inplace_copies" time="0.000"><skipped type="pytest.skip" message="Tests in this file are chaning env variables">/home/jwieczorek/trees/npu-stack/pytorch-integration/tests/pytest_working/compile/test_hpu_copy.py:78: Tests in this file are chaning env variables</skipped></testcase><testcase classname="pytest_working.compile.test_hpu_copy" name="test_hpu_expand" time="0.000"><skipped type="pytest.skip" message="Tests in this file are chaning env variables">/home/jwieczorek/trees/npu-stack/pytorch-integration/tests/pytest_working/compile/test_hpu_copy.py:99: Tests in this file are chaning env variables</skipped></testcase><testcase classname="pytest_working.compile.test_hpu_custom_ops" name="test_softmax_retain_fwd[dtype0-shape0]" time="0.000"><skipped type="pytest.skip" message="Tests in this file are chaning env variables">/home/jwieczorek/trees/npu-stack/pytorch-integration/tests/pytest_working/compile/test_hpu_custom_ops.py:20: Tests in this file are chaning env variables</skipped></testcase><testcase classname="pytest_working.compile.test_hpu_custom_ops" name="test_softmax_retain_fwd[dtype0-shape1]" time="0.000"><skipped type="pytest.skip" message="Tests in this file are chaning env variables">/home/jwieczorek/trees/npu-stack/pytorch-integration/tests/pytest_working/compile/test_hpu_custom_ops.py:20: Tests in this file are chaning env variables</skipped></testcase><testcase classname="pytest_working.compile.test_hpu_custom_ops" name="test_softmax_retain_fwd[dtype1-shape0]" time="0.000"><skipped type="pytest.skip" message="Tests in this file are chaning env variables">/home/jwieczorek/trees/npu-stack/pytorch-integration/tests/pytest_working/compile/test_hpu_custom_ops.py:20: Tests in this file are chaning env variables</skipped></testcase><testcase classname="pytest_working.compile.test_hpu_custom_ops" name="test_softmax_retain_fwd[dtype1-shape1]" time="0.000"><skipped type="pytest.skip" message="Tests in this file are chaning env variables">/home/jwieczorek/trees/npu-stack/pytorch-integration/tests/pytest_working/compile/test_hpu_custom_ops.py:20: Tests in this file are chaning env variables</skipped></testcase><testcase classname="pytest_working.compile.test_hpu_custom_ops" name="test_softmax_retain_fwd_bwd[dtype0-shape0]" time="0.000"><skipped type="pytest.skip" message="Tests in this file are chaning env variables">/home/jwieczorek/trees/npu-stack/pytorch-integration/tests/pytest_working/compile/test_hpu_custom_ops.py:47: Tests in this file are chaning env variables</skipped></testcase><testcase classname="pytest_working.compile.test_hpu_custom_ops" name="test_softmax_retain_fwd_bwd[dtype0-shape1]" time="0.000"><skipped type="pytest.skip" message="Tests in this file are chaning env variables">/home/jwieczorek/trees/npu-stack/pytorch-integration/tests/pytest_working/compile/test_hpu_custom_ops.py:47: Tests in this file are chaning env variables</skipped></testcase><testcase classname="pytest_working.compile.test_hpu_custom_ops" name="test_softmax_retain_fwd_bwd[dtype1-shape0]" time="0.000"><skipped type="pytest.skip" message="Tests in this file are chaning env variables">/home/jwieczorek/trees/npu-stack/pytorch-integration/tests/pytest_working/compile/test_hpu_custom_ops.py:47: Tests in this file are chaning env variables</skipped></testcase><testcase classname="pytest_working.compile.test_hpu_custom_ops" name="test_softmax_retain_fwd_bwd[dtype1-shape1]" time="0.000"><skipped type="pytest.skip" message="Tests in this file are chaning env variables">/home/jwieczorek/trees/npu-stack/pytorch-integration/tests/pytest_working/compile/test_hpu_custom_ops.py:47: Tests in this file are chaning env variables</skipped></testcase><testcase classname="pytest_working.compile.test_hpu_data_layouts" name="test_data_layout_prop[True]" time="0.001"><skipped type="pytest.skip" message="This test requires PT_HPU_LAZY_MODE=0">/home/jwieczorek/trees/npu-stack/pytorch-integration/tests/pytest_working/compile/conftest.py:20: This test requires PT_HPU_LAZY_MODE=0</skipped></testcase><testca
[...]
y_slice" name="test_hpu_lazy_slice_fwd_bwd" time="0.027" /><testcase classname="pytest_working.lazy.test_linear" name="test_linear" time="0.159"><skipped type="pytest.xfail" message="Results mismatch" /></testcase><testcase classname="pytest_working.lazy.test_linear_2d_nobias" name="test_linear_2d_nobias" time="0.260"><skipped type="pytest.xfail" message="Results mismatch" /></testcase><testcase classname="pytest_working.lazy.test_linear_nobias" name="test_linear_nobias" time="0.156"><skipped type="pytest.xfail" message="" /></testcase><testcase classname="pytest_working.lazy.test_mem_stat" name="test_mem_stat" time="0.460" /><testcase classname="pytest_working.lazy.test_memory_pool" name="test_memory_pool[setup_teardown_env_fixture0]" time="0.000"><skipped type="pytest.skip" message="Tests in this file are chaning env variables">/home/jwieczorek/trees/npu-stack/pytorch-integration/tests/pytest_working/lazy/test_memory_pool.py:245: Tests in this file are chaning env variables</skipped></testcase><testcase classname="pytest_working.lazy.test_memreporter_checker" name="test_mem_reporter_file_created" time="0.039"><skipped type="pytest.xfail" message="File doesn't exists" /></testcase><testcase classname="pytest_working.lazy.test_memstats_checker" name="test_mem_stats_file_created" time="7.267" /><testcase classname="pytest_working.lazy.test_metrics.TestMetricsAPI" name="test_graph_compilation_metric_different_shapes_in_loop" time="0.000"><skipped type="pytest.skip" message="Tests is chaning env variables">/home/jwieczorek/trees/npu-stack/pytorch-integration/tests/pytest_working/lazy/test_metrics.py:86: Tests is chaning env variables</skipped></testcase><testcase classname="pytest_working.lazy.test_metrics.TestMetricsAPI" name="test_graph_compilation_metric_same_shape_in_loop" time="0.000"><skipped type="pytest.skip" message="Tests is chaning env variables">/home/jwieczorek/trees/npu-stack/pytorch-integration/tests/pytest_working/lazy/test_metrics.py:105: Tests is chaning env variables</skipped></testcase><testcase classname="pytest_working.lazy.test_metrics.TestMetricsAPI" name="test_metric_zero_at_beginning[graph_compilation]" time="0.000"><skipped type="pytest.skip" message="Some of these tests don't free device and other tests are failing.">/home/jwieczorek/trees/npu-stack/pytorch-integration/tests/pytest_working/lazy/test_metrics.py:132: Some of these tests don't free device and other tests are failing.</skipped></testcase><testcase classname="pytest_working.lazy.test_metrics.TestMetricsAPI" name="test_metric_zero_at_beginning[cpu_fallback]" time="0.000"><skipped type="pytest.skip" message="Some of these tests don't free device and other tests are failing.">/home/jwieczorek/trees/npu-stack/pytorch-integration/tests/pytest_working/lazy/test_metrics.py:132: Some of these tests don't free device and other tests are failing.</skipped></testcase><testcase classname="pytest_working.lazy.test_metrics.TestMetricsAPI" name="test_metric_zero_at_beginning[memory_defragmentation]" time="0.000"><skipped type="pytest.skip" message="Some of these tests don't free device and other tests are failing.">/home/jwieczorek/trees/npu-stack/pytorch-integration/tests/pytest_working/lazy/test_metrics.py:132: Some of these tests don't free device and other tests are failing.</skipped></testcase><testcase classname="pytest_working.lazy.test_metrics.TestMetricsAPI" name="test_metric_zero_at_beginning[recipe_cache]" time="0.000"><skipped type="pytest.skip" message="Some of these tests don't free device and other tests are failing.">/home/jwieczorek/trees/npu-stack/pytorch-integration/tests/pytest_working/lazy/test_metrics.py:132: Some of these tests don't free device and other tests are failing.</skipped></testcase><testcase classname="pytest_working.lazy.test_metrics.TestMetricsAPI" name="test_graph_compilation_check_gc_global_metric_with_additional_event_handlers" time="0.000"><skipped type="pytest.skip" message="Some of these tests don't free device and other tests are failing.">/home/jwieczorek/trees/npu-stack/pytorch-integration/tests/pytest_working/lazy/test_metrics.py:167: Some of these tests don't free device and other tests are failing.</skipped></testcase><testcase classname="pytest_working.lazy.test_metrics.TestMetricsAPI" name="test_metric_context_manager" time="0.001"><skipped type="pytest.skip" message="Some of these tests don't free device and other tests are failing.">/home/jwieczorek/trees/npu-stack/pytorch-integration/tests/pytest_working/lazy/test_metrics.py:186: Some of these tests don't free device and other tests are failing.</skipped></testcase><testcase classname="pytest_working.lazy.test_metrics.TestMetricsAPI" name="test_get_nonexisting_global_metric" time="0.000"><skipped type="pytest.skip" message="Some of these tests don't free device and other tests are failing.">/home/jwieczorek/trees/npu-stack/pytorch-integration/tests/pytest_working/lazy/test_metrics.py:216: Some of these tests don't free device and other tests are failing.</skipped></testcase><testcase classname="pytest_working.lazy.test_metrics.TestMetricsAPI" name="test_get_nonexisting_local_metric" time="0.000"><skipped type="pytest.skip" message="Some of these tests don't free device and other tests are failing.">/home/jwieczorek/trees/npu-stack/pytorch-integration/tests/pytest_working/lazy/test_metrics.py:220: Some of these tests don't free device and other tests are failing.</skipped></testcase><testcase classname="pytest_working.lazy.test_metrics.TestMetricsDump" name="test_metric_file_with_correct_name_is_created[metric_file-False-metric_file]" time="0.000"><skipped type="pytest.skip" message="Some of these tests don't free device and other tests are failing.">/home/jwieczorek/trees/npu-stack/pytorch-integration/tests/pytest_working/lazy/test_metrics.py:256: Some of these tests don't free device and other tests are failing.</skipped></testcase><testcase classname="pytest_working.lazy.test_metrics.TestMetricsDump" name="test_metric_file_with_correct_name_is_created[metric_file.txt-False-metric_file.txt]" time="0.000"><skipped type="pytest.skip" message="Some of these tests don't free device and other tests are failing.">/home/jwieczorek/trees/npu-stack/pytorch-integration/tests/pytest_working/lazy/test_metrics.py:256: Some of these tests don't free device and other tests are failing.</skipped></testcase><testcase classname="pytest_working.lazy.test_metrics.TestMetricsDump" name="test_metric_file_with_correct_name_is_created[metric_file-True-metric_file-rank0]" time="0.000"><skipped type="pytest.skip" message="Some of these tests don't free device and other tests are failing.">/home/jwieczorek/trees/npu-stack/pytorch-integration/tests/pytest_working/lazy/test_metrics.py:256: Some of these tests don't free device and other tests are failing.</skipped></testcase><testcase classname="pytest_working.lazy.test_metrics.TestMetricsDump" name="test_metric_file_with_correct_name_is_created[metric_file.json-True-metric_file-rank0.json]" time="0.000"><skipped type="pytest.skip" message="Some of these tests don't free device and other tests are failing.">/home/jwieczorek/trees/npu-stack/pytorch-integration/tests/pytest_working/lazy/test_metrics.py:256: Some of these tests don't free device and other tests are failing.</skipped></testcase><testcase classname="pytest_working.lazy.test_metrics.TestMetricsDump" name="test_metric_file_with_correct_name_is_created[metric_file.txt.json-True-metric_file.txt-rank0.json]" time="0.000"><skipped type="pytest.skip" message="Some of these tests don't free device and other tests are failing.">/home/jwieczorek/trees/npu-stack/pytorch-integration/tests/pytest_working/lazy/test_metrics.py:256: Some of these tests don't free device and other tests are failing.</skipped></testcase><testcase classname="pytest_working.lazy.test_metrics.TestMetricsDump" name="test_metric_dump_on_process_exit[json]" time="0.000"><skipped type="pytest.skip" message="Some of these tests don't free device and other tests are failing.">/home/jwieczorek/trees/npu-stack/pytorch-integration/tests/pytest_working/lazy/test_metrics.py:337: Some of these tests don't free device and other tests are failing.</skipped></testcase><testcase classname="pytest_working.lazy.test_metrics.TestMetricsDump" name="test_metric_dump_on_process_exit[text]" time="0.000"><skipped type="pytest.skip" message="Some of these tests don't free device and other tests are failing.">/home/jwieczorek/trees/npu-stack/pytorch-integration/tests/pytest_working/lazy/test_metrics.py:337: Some of these tests don't free device and other tests are failing.</skipped></testcase><testcase classname="pytest_working.lazy.test_metrics.TestMetricsDump" name="test_metric_dump_on_metric_change_and_process_exit[json]" time="0.000"><skipped type="pytest.skip" message="Some of these tests don't free device and other tests are failing.">/home/jwieczorek/trees/npu-stack/pytorch-integration/tests/pytest_working/lazy/test_metrics.py:359: Some of these tests don't free device and other tests are failing.</skipped></testcase><testcase classname="pytest_working.lazy.test_metrics.TestMetricsDump" name="test_metric_dump_on_metric_change_and_process_exit[text]" time="0.000"><skipped type="pytest.skip" message="Some of these tests don't free device and other tests are failing.">/home/jwieczorek/trees/npu-stack/pytorch-integration/tests/pytest_working/lazy/test_metrics.py:359: Some of these tests don't free device and other tests are failing.</skipped></testcase><testcase classname="pytest_working.lazy.test_metrics.TestMetricsDump" name="test_metric_if_defaults_are_correct" time="0.000"><skipped type="pytest.skip" message="Some of these tests don't free device and other tests are failing.">/home/jwieczorek/trees/npu-stack/pytorch-integration/tests/pytest_working/lazy/test_metrics.py:395: Some of these tests don't free device and other tests are failing.</skipped></testcase><testcase classname="pytest_working.lazy.test_metrics.TestMetricsDump" name="test_metric_no_dump_when_dev_not_acquired" time="0.000"><skipped type="pytest.skip" message="Some of these tests don't free device and other tests are failing.">/home/jwieczorek/trees/npu-stack/pytorch-integration/tests/pytest_working/lazy/test_metrics.py:418: Some of these tests don't free device and other tests are failing.</skipped></testcase><testcase classname="pytest_working.lazy.test_metrics.TestMetricsDump" name="test_metric_run_processes_via_torch_mp[True]" time="0.000"><skipped type="pytest.skip" message="Some of these tests don't free device and other tests are failing.">/home/jwieczorek/trees/npu-stack/pytorch-integration/tests/pytest_working/lazy/test_metrics.py:445: Some of these tests don't free device and other tests are failing.</skipped></testcase><testcase classname="pytest_working.lazy.test_metrics.TestMetricsDump" name="test_metric_run_processes_via_torch_mp[False]" time="0.000"><skipped type="pytest.skip" message="Some of these tests don't free device and other tests are failing.">/home/jwieczorek/trees/npu-stack/pytorch-integration/tests/pytest_working/lazy/test_metrics.py:445: Some of these tests don't free device and other tests are failing.</skipped></testcase><testcase classname="pytest_working.lazy.test_metrics.TestMetricsDump" name="test_manual_metric_dump[json]" time="0.000"><skipped type="pytest.skip" message="Some of these tests don't free device and other tests are failing.">/home/jwieczorek/trees/npu-stack/pytorch-integration/tests/pytest_working/lazy/test_metrics.py:488: Some of these tests don't free device and other tests are failing.</skipped></testcase><testcase classname="pytest_working.lazy.test_metrics.TestMetricsDump" name="test_manual_metric_dump[text]" time="0.000"><skipped type="pytest.skip" message="Some of these tests don't free device and other tests are failing.">/home/jwieczorek/trees/npu-stack/pytorch-integration/tests/pytest_working/lazy/test_metrics.py:488: Some of these tests don't free device and other tests are failing.</skipped></testcase><testcase classname="pytest_working.lazy.test_pin_memory_habana_loader" name="test_hpu_pin_memory" time="0.000"><skipped type="pytest.skip" message="slow test">/home/jwieczorek/trees/npu-stack/pytorch-integration/tests/pytest_working/lazy/test_pin_memory_habana_loader.py:7: slow test</skipped></testcase><testcase classname="pytest_working.lazy.test_pinned_memory" name="test_hpu_pin_memory" time="0.037" /><testcase classname="pytest_working.lazy.test_queue_launch" name="test_graph_training1" time="127.065" /><testcase classname="pytest_working.lazy.test_ragged_softmax" name="test_ragged_softmax" time="0.007"><skipped type="pytest.xfail" message="synNodeCreateWithId failed for node: ragged_softmax_fwd__f32" /></testcase><testcase classname="pytest_working.lazy.test_remote_cache.TestRemoteCache" name="test_zero_to_all" time="0.000"><skipped type="pytest.skip" message="may crash device during teardown">/home/jwieczorek/trees/npu-stack/pytorch-integration/tests/pytest_working/lazy/test_remote_cache.py:111: may crash device during teardown</skipped></testcase><testcase classname="pytest_working.lazy.test_remote_cache.TestRemoteCache" name="test_eight_to_all" time="0.000"><skipped type="pytest.skip" message="may crash device during teardown">/home/jwieczorek/trees/npu-stack/pytorch-integration/tests/pytest_working/lazy/test_remote_cache.py:132: may crash device during teardown</skipped></testcase><testcase classname="pytest_working.lazy.test_remote_cache.TestRemoteCache" name="test_per_rank_unique_compile" time="0.000"><skipped type="pytest.skip" message="may crash device during teardown">/home/jwieczorek/trees/npu-stack/pytorch-integration/tests/pytest_working/lazy/test_remote_cache.py:153: may crash device during teardown</skipped></testcase><testcase classname="pytest_working.lazy.test_remote_cache.TestRemoteCache" name="test_eviction_basic" time="0.000"><skipped type="pytest.skip" message="may crash device during teardown">/home/jwieczorek/trees/npu-stack/pytorch-integration/tests/pytest_working/lazy/test_remote_cache.py:177: may crash device during teardown</skipped></testcase><testcase classname="pytest_working.lazy.test_rotary_embedding" name="test_rotary_embedding_fwd_case[dtype0-64-8-64-0]" time="0.018"><skipped type="pytest.xfail" message="RuntimeError: No such operator hpu::rotary_embedding" /></testcase><testcase classname="pytest_working.lazy.test_rotary_embedding" name="test_rotary_embedding_fwd_case[dtype0-64-8-64-4]" time="0.021"><skipped type="pytest.xfail" message="RuntimeError: No such operator hpu::rotary_embedding" /></testcase><testcase classname="pytest_working.lazy.test_rotary_embedding" name="test_rotary_embedding_fwd_case[dtype1-64-8-64-0]" time="0.020"><skipped type="pytest.xfail" message="RuntimeError: No such operator hpu::rotary_embedding" /></testcase><testcase classname="pytest_working.lazy.test_rotary_embedding" name="test_rotary_embedding_fwd_case[dtype1-64-8-64-4]" time="0.021"><skipped type="pytest.xfail" message="RuntimeError: No such operator hpu::rotary_embedding" /></testcase><testcase classname="pytest_working.lazy.test_rotary_embedding" name="test_rotary_embedding_fwd_case[dtype2-64-8-64-0]" time="0.017"><skipped type="pytest.xfail" message="RuntimeError: No such operator hpu::rotary_embedding" /></testcase><testcase classname="pytest_working.lazy.test_rotary_embedding" name="test_rotary_embedding_fwd_case[dtype2-64-8-64-4]" time="0.017"><skipped type="pytest.xfail" message="RuntimeError: No such operator hpu::rotary_embedding" /></testcase><testcase classname="pytest_working.lazy.test_shallow_copy" name="test_simple" time="0.004" /><testcase classname="pytest_working.lazy.test_shallow_copy" name="test_two_shallow_copies" time="0.004" /><testcase classname="pytest_working.lazy.test_shallow_copy" name="test_view_with_strides" time="0.025" /><testcase classname="pytest_working.lazy.test_shallow_copy" name="test_view_with_strides2" time="0.048" /><testcase classname="pytest_working.lazy.test_shallow_copy" name="test_shallow_copy_free" time="0.021" /><testcase classname="pytest_working.lazy.test_shallow_copy" name="test_shallow_copy_free2" time="0.018" /><testcase classname="pytest_working.lazy.test_shallow_copy" name="test_shallow_copy_free3" time="0.017" /><testcase classname="pytest_working.lazy.test_shallow_copy" name="test_shallow_copy_free4" time="0.026"><skipped type="pytest.xfail" message="Results mismatch" /></testcase><testcase classname="pytest_working.lazy.test_shallow_copy" name="test_shallow_copy_param_free" time="0.017" /><testcase classname="pytest_working.lazy.test_unique2" name="test_unique2[True-1-None]" time="0.041" /><testcase classname="pytest_working.lazy.test_unique2" name="test_unique2[True-2-None]" time="0.042" /><testcase classname="pytest_working.lazy.test_unique2" name="test_unique2[True-3-None]" time="0.047" /><testcase classname="pytest_working.lazy.test_unique2" name="test_unique2[True-4-None]" time="0.096" /><testcase classname="pytest_working.lazy.test_unique2" name="test_unique2[True-5-None]" time="0.003"><skipped type="pytest.skip" message="TPC can handle only upto (1D to 4D) (or) when sorted=True, dim should be None. So this will fallback to CPU">/home/jwieczorek/trees/npu-stack/pytorch-integration/tests/pytest_working/lazy/test_unique2.py:32: TPC can handle only upto (1D to 4D) (or) when sorted=True, dim should be None. So this will fallback to CPU</skipped></testcase><testcase classname="pytest_working.lazy.test_unique2" name="test_unique2[False-1-None]" time="0.002"><skipped type="pytest.xfail" message="Results mismatch" /></testcase><testcase classname="pytest_working.lazy.test_unique2" name="test_unique2[False-2-None]" time="0.035" /><testcase classname="pytest_working.lazy.test_unique2" name="test_unique2[False-3-None]" time="0.038" /><testcase classname="pytest_working.lazy.test_unique2" name="test_unique2[False-4-None]" time="0.111" /><testcase classname="pytest_working.lazy.test_unique2" name="test_unique2[False-5-None]" time="0.003"><skipped type="pytest.skip" message="TPC can handle only upto (1D to 4D) (or) when sorted=True, dim should be None. So this will fallback to CPU">/home/jwieczorek/trees/npu-stack/pytorch-integration/tests/pytest_working/lazy/test_unique2.py:32: TPC can handle only upto (1D to 4D) (or) when sorted=True, dim should be None. So this will fallback to CPU</skipped></testcase><testcase classname="pytest_working.lazy.test_verify_data_ptr" name="test_data_ptr" time="0.010" /><testcase classname="pytest_working.lazy.test_weight_sharing" name="test_hpu_weight_sharing_in_same_module" time="0.083" /><testcase classname="pytest_working.lazy.test_weight_sharing" name="test_hpu_weight_sharing_in_submodule" time="0.067" /><testcase classname="pytest_working.lazy.test_weight_sharing" name="test_hpu_weight_sharing_in_exported_parameter" time="0.042" /><testcase classname="pytest_working.lazy.test_weight_sharing" name="test_hpu_workaround_for_cpu_caching_without_weight_sharing_submodule" time="0.028" /><testcase classname="pytest_working.lazy.test_weight_sharing" name="test_hpu_workaround_for_cpu_caching_without_weight_sharing" time="0.023" /><testcase classname="pytest_working.lazy.test_weight_sharing" name="test_hpu_weight_sharing_in_exported_parameter_cpu_hpu_cpu" time="0.006" /><testcase classname="pytest_working.lazy.test_weight_sharing" name="test_hpu_weight_sharing_in_same_module_cpu_hpu_cpu" time="0.014" /><testcase classname="pytest_working.lazy.test_weight_sharing" name="test_hpu_multiple_weight_sharing_in_same_module" time="0.088" /><testcase classname="pytest_working.lazy.test_weight_sharing" name="test_hpu_multiple_weight_sharing_in_submodule" time="0.076" /><testcase classname="pytest_working.synapse_logger.test_compute_time_stats" name="test_compute_stats" time="0.013"><skipped type="pytest.xfail" message="ValueError: min() arg is an empty sequence" /></testcase></testsuite></testsuites>