<?xml version="1.0" encoding="utf-8"?><testsuites><testsuite name="pytest" errors="0" failures="0" skipped="0" tests="64" time="89.613" timestamp="2023-08-02T09:50:50.980388" hostname="jwieczorek-vm-u20"><testcase classname="Lazy..pytest_working.lazy.test_hpu_fp8_te" name="test_te_matmul_fp8[True-True-True-16-16-dtype0-device0]" time="0.609" /><testcase classname="Lazy..pytest_working.lazy.test_hpu_fp8_te" name="test_te_matmul_fp8[True-True-True-16-16-dtype1-device0]" time="0.623" /><testcase classname="Lazy..pytest_working.lazy.test_hpu_fp8_te" name="test_te_matmul_fp8[True-True-True-16-128-dtype0-device0]" time="1.556" /><testcase classname="Lazy..pytest_working.lazy.test_hpu_fp8_te" name="test_te_matmul_fp8[True-True-True-16-128-dtype1-device0]" time="1.735" /><testcase classname="Lazy..pytest_working.lazy.test_hpu_fp8_te" name="test_te_matmul_fp8[True-True-True-128-16-dtype0-device0]" time="0.804" /><testcase classname="Lazy..pytest_working.lazy.test_hpu_fp8_te" name="test_te_matmul_fp8[True-True-True-128-16-dtype1-device0]" time="0.847" /><testcase classname="Lazy..pytest_working.lazy.test_hpu_fp8_te" name="test_te_matmul_fp8[True-True-True-128-128-dtype0-device0]" time="5.237" /><testcase classname="Lazy..pytest_working.lazy.test_hpu_fp8_te" name="test_te_matmul_fp8[True-True-True-128-128-dtype1-device0]" time="5.371" /><testcase classname="Lazy..pytest_working.lazy.test_hpu_fp8_te" name="test_te_matmul_fp8[True-True-False-16-16-dtype0-device0]" time="0.350" /><testcase classname="Lazy..pytest_working.lazy.test_hpu_fp8_te" name="test_te_matmul_fp8[True-True-False-16-16-dtype1-device0]" time="0.364" /><testcase classname="Lazy..pytest_working.lazy.test_hpu_fp8_te" name="test_te_matmul_fp8[True-True-False-16-128-dtype0-device0]" time="0.425" /><testcase classname="Lazy..pytest_working.lazy.test_hpu_fp8_te" name="test_te_matmul_fp8[True-True-False-16-128-dtype1-device0]" time="0.486" /><testcase classname="Lazy..pytest_working.lazy.test_hpu_fp8_te" name="test_te_matmul_fp8[True-True-False-128-16-dtype0-device0]" time="0.394" /><testcase classname="Lazy..pytest_working.lazy.test_hpu_fp8_te" name="test_te_matmul_fp8[True-True-False-128-16-dtype1-device0]" time="0.417" /><testcase classname="Lazy..pytest_working.lazy.test_hpu_fp8_te" name="test_te_matmul_fp8[True-True-False-128-128-dtype0-device0]" time="0.681" /><testcase classname="Lazy..pytest_working.lazy.test_hpu_fp8_te" name="test_te_matmul_fp8[True-True-False-128-128-dtype1-device0]" time="0.717" /><testcase classname="Lazy..pytest_working.lazy.test_hpu_fp8_te" name="test_te_matmul_fp8[True-False-True-16-16-dtype0-device0]" time="0.552" /><testcase classname="Lazy..pytest_working.lazy.test_hpu_fp8_te" name="test_te_matmul_fp8[True-False-True-16-16-dtype1-device0]" time="0.603" /><testcase classname="Lazy..pytest_working.lazy.test_hpu_fp8_te" name="test_te_matmul_fp8[True-False-True-16-128-dtype0-device0]" time="1.365" /><testcase classname="Lazy..pytest_working.lazy.test_hpu_fp8_te" name="test_te_matmul_fp8[True-False-True-16-128-dtype1-device0]" time="1.685" /><testcase classname="Lazy..pytest_working.lazy.test_hpu_fp8_te" name="test_te_matmul_fp8[True-False-True-128-16-dtype0-device0]" time="0.889" /><testcase classname="Lazy..pytest_working.lazy.test_hpu_fp8_te" name="test_te_matmul_fp8[True-False-True-128-16-dtype1-device0]" time="0.985" /><testcase classname="Lazy..pytest_working.lazy.test_hpu_fp8_te" name="test_te_matmul_fp8[True-False-True-128-128-dtype0-device0]" time="4.981" /><testcase classname="Lazy..pytest_working.lazy.test_hpu_fp8_te" name="test_te_matmul_fp8[True-False-True-128-128-dtype1-device0]" time="5.330" /><testcase classname="Lazy..pytest_working.lazy.test_hpu_fp8_te" name="test_te_matmul_fp8[True-False-False-16-16-dtype0-device0]" time="0.363" /><testcase classname="Lazy..pytest_working.lazy.test_hpu_fp8_te" name="test_te_matmul_fp8[True-False-False-16-16-dtype1-device0]" time="0.479" /><testcase classname="Lazy..pytest_working.lazy.test_hpu_fp8_te" name="test_te_matmul_fp8[True-False-False-16-128-dtype0-device0]" time="0.427" /><testcase classname="Lazy..pytest_working.lazy.test_hpu_fp8_te" name="test_te_matmul_fp8[True-False-False-16-128-dtype1-device0]" time="0.485" /><testcase classname="Lazy..pytest_working.lazy.test_hpu_fp8_te" name="test_te_matmul_fp8[True-False-False-128-16-dtype0-device0]" time="0.405" /><testcase classname="Lazy..pytest_working.lazy.test_hpu_fp8_te" name="test_te_matmul_fp8[True-False-False-128-16-dtype1-device0]" time="0.428" /><testcase classname="Lazy..pytest_working.lazy.test_hpu_fp8_te" name="test_te_matmul_fp8[True-False-False-128-128-dtype0-device0]" time="0.669" /><testcase classname="Lazy..pytest_working.lazy.test_hpu_fp8_te" name="test_te_matmul_fp8[True-False-False-128-128-dtype1-device0]" time="0.726" /><testcase classname="Lazy..pytest_working.lazy.test_hpu_fp8_te" name="test_te_matmul_fp8[False-True-True-16-16-dtype0-device0]" time="0.546" /><testcase classname="Lazy..pytest_working.lazy.test_hpu_fp8_te" name="test_te_matmul_fp8[False-True-True-16-16-dtype1-device0]" time="0.583" /><testcase classname="Lazy..pytest_working.lazy.test_hpu_fp8_te" name="test_te_matmul_fp8[False-True-True-16-128-dtype0-device0]" time="1.554" /><testcase classname="Lazy..pytest_working.lazy.test_hpu_fp8_te" name="test_te_matmul_fp8[False-True-True-16-128-dtype1-device0]" time="1.801" /><testcase classname="Lazy..pytest_working.lazy.test_hpu_fp8_te" name="test_te_matmul_fp8[False-True-True-128-16-dtype0-device0]" time="0.799" /><testcase classname="Lazy..pytest_working.lazy.test_hpu_fp8_te" name="test_te_matmul_fp8[False-True-True-128-16-dtype1-device0]" time="0.814" /><testcase classname="Lazy..pytest_working.lazy.test_hpu_fp8_te" name="test_te_matmul_fp8[False-True-True-128-128-dtype0-device0]" time="4.876" /><testcase classname="Lazy..pytest_working.lazy.test_hpu_fp8_te" name="test_te_matmul_fp8[False-True-True-128-128-dtype1-device0]" time="5.266" /><testcase classname="Lazy..pytest_working.lazy.test_hpu_fp8_te" name="test_te_matmul_fp8[False-True-False-16-16-dtype0-device0]" time="0.343" /><testcase classname="Lazy..pytest_working.lazy.test_hpu_fp8_te" name="test_te_matmul_fp8[False-True-False-16-16-dtype1-device0]" time="0.347" /><testcase classname="Lazy..pytest_working.lazy.test_hpu_fp8_te" name="test_te_matmul_fp8[False-True-False-16-128-dtype0-device0]" time="0.438" /><testcase classname="Lazy..pytest_working.lazy.test_hpu_fp8_te" name="test_te_matmul_fp8[False-True-False-16-128-dtype1-device0]" time="0.485" /><testcase classname="Lazy..pytest_working.lazy.test_hpu_fp8_te" name="test_te_matmul_fp8[False-True-False-128-16-dtype0-device0]" time="0.487" /><testcase classname="Lazy..pytest_working.lazy.test_hpu_fp8_te" name="test_te_matmul_fp8[False-True-False-128-16-dtype1-device0]" time="0.401" /><testcase classname="Lazy..pytest_working.lazy.test_hpu_fp8_te" name="test_te_matmul_fp8[False-True-False-128-128-dtype0-device0]" time="0.788" /><testcase classname="Lazy..pytest_working.lazy.test_hpu_fp8_te" name="test_te_matmul_fp8[False-True-False-128-128-dtype1-device0]" time="0.830" /><testcase classname="Lazy..pytest_working.lazy.test_hpu_fp8_te" name="test_te_matmul_fp8[False-False-True-16-16-dtype0-device0]" time="0.549" /><testcase classname="Lazy..pytest_working.lazy.test_hpu_fp8_te" name="test_te_matmul_fp8[False-False-True-16-16-dtype1-device0]" time="0.602" /><testcase classname="Lazy..pytest_working.lazy.test_hpu_fp8_te" name="test_te_matmul_fp8[False-False-True-16-128-dtype0-device0]" time="1.348" /><testcase classname="Lazy..pytest_working.lazy.test_hpu_fp8_te" name="test_te_matmul_fp8[False-False-True-16-128-dtype1-device0]" time="1.629" /><testcase classname="Lazy..pytest_working.lazy.test_hpu_fp8_te" name="test_te_matmul_fp8[False-False-True-128-16-dtype0-device0]" time="0.893" /><testcase classname="Lazy..pytest_working.lazy.test_hpu_fp8_te" name="test_te_matmul_fp8[False-False-True-128-16-dtype1-device0]" time="0.912" /><testcase classname="Lazy..pytest_working.lazy.test_hpu_fp8_te" name="test_te_matmul_fp8[False-False-True-128-128-dtype0-device0]" time="4.981" /><testcase classname="Lazy..pytest_working.lazy.test_hpu_fp8_te" name="test_te_matmul_fp8[False-False-True-128-128-dtype1-device0]" time="5.369" /><testcase classname="Lazy..pytest_working.lazy.test_hpu_fp8_te" name="test_te_matmul_fp8[False-False-False-16-16-dtype0-device0]" time="0.373" /><testcase classname="Lazy..pytest_working.lazy.test_hpu_fp8_te" name="test_te_matmul_fp8[False-False-False-16-16-dtype1-device0]" time="0.362" /><testcase classname="Lazy..pytest_working.lazy.test_hpu_fp8_te" name="test_te_matmul_fp8[False-False-False-16-128-dtype0-device0]" time="0.475" /><testcase classname="Lazy..pytest_working.lazy.test_hpu_fp8_te" name="test_te_matmul_fp8[False-False-False-16-128-dtype1-device0]" time="0.537" /><testcase classname="Lazy..pytest_working.lazy.test_hpu_fp8_te" name="test_te_matmul_fp8[False-False-False-128-16-dtype0-device0]" time="0.427" /><testcase classname="Lazy..pytest_working.lazy.test_hpu_fp8_te" name="test_te_matmul_fp8[False-False-False-128-16-dtype1-device0]" time="0.393" /><testcase classname="Lazy..pytest_working.lazy.test_hpu_fp8_te" name="test_te_matmul_fp8[False-False-False-128-128-dtype0-device0]" time="0.656" /><testcase classname="Lazy..pytest_working.lazy.test_hpu_fp8_te" name="test_te_matmul_fp8[False-False-False-128-128-dtype1-device0]" time="0.702" /></testsuite></testsuites>